{"G:\\projects\\react-native-hash\\react-native-hash\\Constants.js": {"path":"G:\\projects\\react-native-hash\\react-native-hash\\Constants.js","statementMap":{"0":{"start":{"line":3,"column":18},"end":{"line":34,"column":1}}},"fnMap":{},"branchMap":{},"s":{"0":4},"f":{},"b":{},"_coverageSchema":"1a1c01bbd47fc00a2c39e90264f33305004495a9","hash":"57e31fe0a3f4d7f71b747ee62c86e494e170282f"}
,"G:\\projects\\react-native-hash\\react-native-hash\\JSHash\\JSHash.js": {"path":"G:\\projects\\react-native-hash\\react-native-hash\\JSHash\\JSHash.js","statementMap":{"0":{"start":{"line":15,"column":4},"end":{"line":15,"column":8}},"1":{"start":{"line":22,"column":19},"end":{"line":55,"column":1}},"2":{"start":{"line":23,"column":2},"end":{"line":54,"column":3}},"3":{"start":{"line":25,"column":19},"end":{"line":25,"column":36}},"4":{"start":{"line":26,"column":6},"end":{"line":26,"column":33}},"5":{"start":{"line":29,"column":19},"end":{"line":29,"column":37}},"6":{"start":{"line":30,"column":6},"end":{"line":30,"column":33}},"7":{"start":{"line":33,"column":19},"end":{"line":33,"column":39}},"8":{"start":{"line":34,"column":6},"end":{"line":34,"column":33}},"9":{"start":{"line":37,"column":19},"end":{"line":37,"column":39}},"10":{"start":{"line":38,"column":6},"end":{"line":38,"column":33}},"11":{"start":{"line":41,"column":19},"end":{"line":41,"column":39}},"12":{"start":{"line":42,"column":6},"end":{"line":42,"column":33}},"13":{"start":{"line":45,"column":19},"end":{"line":45,"column":39}},"14":{"start":{"line":46,"column":6},"end":{"line":46,"column":33}},"15":{"start":{"line":49,"column":19},"end":{"line":49,"column":37}},"16":{"start":{"line":50,"column":6},"end":{"line":50,"column":33}},"17":{"start":{"line":53,"column":6},"end":{"line":53,"column":64}}},"fnMap":{"0":{"name":"(anonymous_0)","decl":{"start":{"line":22,"column":19},"end":{"line":22,"column":20}},"loc":{"start":{"line":22,"column":48},"end":{"line":55,"column":1}},"line":22}},"branchMap":{"0":{"loc":{"start":{"line":23,"column":2},"end":{"line":54,"column":3}},"type":"switch","locations":[{"start":{"line":24,"column":4},"end":{"line":27,"column":5}},{"start":{"line":28,"column":4},"end":{"line":31,"column":5}},{"start":{"line":32,"column":4},"end":{"line":35,"column":5}},{"start":{"line":36,"column":4},"end":{"line":39,"column":5}},{"start":{"line":40,"column":4},"end":{"line":43,"column":5}},{"start":{"line":44,"column":4},"end":{"line":47,"column":5}},{"start":{"line":48,"column":4},"end":{"line":51,"column":5}},{"start":{"line":52,"column":4},"end":{"line":53,"column":64}}],"line":23}},"s":{"0":2,"1":2,"2":161,"3":33,"4":33,"5":22,"6":22,"7":21,"8":21,"9":21,"10":21,"11":21,"12":21,"13":21,"14":21,"15":21,"16":21,"17":1},"f":{"0":161},"b":{"0":[33,22,21,21,21,21,21,1]},"_coverageSchema":"1a1c01bbd47fc00a2c39e90264f33305004495a9","hash":"df46c2e28222237f5ab1d718bd4be76c865db363"}
,"G:\\projects\\react-native-hash\\react-native-hash\\JSHash\\JSHmac.js": {"path":"G:\\projects\\react-native-hash\\react-native-hash\\JSHash\\JSHmac.js","statementMap":{"0":{"start":{"line":14,"column":4},"end":{"line":14,"column":8}},"1":{"start":{"line":21,"column":19},"end":{"line":53,"column":1}},"2":{"start":{"line":22,"column":2},"end":{"line":52,"column":3}},"3":{"start":{"line":24,"column":19},"end":{"line":24,"column":45}},"4":{"start":{"line":25,"column":6},"end":{"line":25,"column":33}},"5":{"start":{"line":29,"column":19},"end":{"line":29,"column":46}},"6":{"start":{"line":30,"column":6},"end":{"line":30,"column":33}},"7":{"start":{"line":34,"column":19},"end":{"line":34,"column":48}},"8":{"start":{"line":35,"column":6},"end":{"line":35,"column":33}},"9":{"start":{"line":39,"column":19},"end":{"line":39,"column":48}},"10":{"start":{"line":40,"column":6},"end":{"line":40,"column":33}},"11":{"start":{"line":43,"column":19},"end":{"line":43,"column":48}},"12":{"start":{"line":44,"column":6},"end":{"line":44,"column":33}},"13":{"start":{"line":47,"column":19},"end":{"line":47,"column":48}},"14":{"start":{"line":48,"column":6},"end":{"line":48,"column":33}},"15":{"start":{"line":51,"column":6},"end":{"line":51,"column":64}}},"fnMap":{"0":{"name":"(anonymous_0)","decl":{"start":{"line":21,"column":19},"end":{"line":21,"column":20}},"loc":{"start":{"line":21,"column":53},"end":{"line":53,"column":1}},"line":21}},"branchMap":{"0":{"loc":{"start":{"line":22,"column":2},"end":{"line":52,"column":3}},"type":"switch","locations":[{"start":{"line":23,"column":4},"end":{"line":26,"column":5}},{"start":{"line":28,"column":4},"end":{"line":31,"column":5}},{"start":{"line":33,"column":4},"end":{"line":36,"column":5}},{"start":{"line":38,"column":4},"end":{"line":41,"column":5}},{"start":{"line":42,"column":4},"end":{"line":45,"column":5}},{"start":{"line":46,"column":4},"end":{"line":49,"column":5}},{"start":{"line":50,"column":4},"end":{"line":51,"column":64}}],"line":22}},"s":{"0":2,"1":2,"2":143,"3":36,"4":36,"5":22,"6":22,"7":21,"8":21,"9":21,"10":21,"11":21,"12":21,"13":21,"14":21,"15":1},"f":{"0":143},"b":{"0":[36,22,21,21,21,21,1]},"_coverageSchema":"1a1c01bbd47fc00a2c39e90264f33305004495a9","hash":"0e665495fb69f06ace197d0773d5230fcbbbaecc"}
,"G:\\projects\\react-native-hash\\react-native-hash\\JSHash\\Hooks\\useHash.js": {"path":"G:\\projects\\react-native-hash\\react-native-hash\\JSHash\\Hooks\\useHash.js","statementMap":{"0":{"start":{"line":8,"column":16},"end":{"line":25,"column":1}},"1":{"start":{"line":12,"column":26},"end":{"line":12,"column":44}},"2":{"start":{"line":13,"column":32},"end":{"line":13,"column":56}},"3":{"start":{"line":14,"column":30},"end":{"line":14,"column":40}},"4":{"start":{"line":15,"column":2},"end":{"line":22,"column":22}},"5":{"start":{"line":16,"column":17},"end":{"line":20,"column":8}},"6":{"start":{"line":16,"column":23},"end":{"line":20,"column":8}},"7":{"start":{"line":17,"column":19},"end":{"line":17,"column":31}},"8":{"start":{"line":19,"column":8},"end":{"line":19,"column":26}},"9":{"start":{"line":21,"column":4},"end":{"line":21,"column":11}},"10":{"start":{"line":24,"column":2},"end":{"line":24,"column":39}}},"fnMap":{"0":{"name":"(anonymous_0)","decl":{"start":{"line":8,"column":16},"end":{"line":8,"column":17}},"loc":{"start":{"line":11,"column":5},"end":{"line":25,"column":1}},"line":11},"1":{"name":"(anonymous_1)","decl":{"start":{"line":15,"column":12},"end":{"line":15,"column":13}},"loc":{"start":{"line":15,"column":18},"end":{"line":22,"column":3}},"line":15},"2":{"name":"(anonymous_2)","decl":{"start":{"line":16,"column":17},"end":{"line":16,"column":18}},"loc":{"start":{"line":16,"column":23},"end":{"line":20,"column":8}},"line":16},"3":{"name":"(anonymous_3)","decl":{"start":{"line":17,"column":12},"end":{"line":17,"column":13}},"loc":{"start":{"line":17,"column":19},"end":{"line":17,"column":31}},"line":17},"4":{"name":"(anonymous_4)","decl":{"start":{"line":18,"column":13},"end":{"line":18,"column":14}},"loc":{"start":{"line":18,"column":21},"end":{"line":20,"column":7}},"line":18}},"branchMap":{"0":{"loc":{"start":{"line":9,"column":2},"end":{"line":9,"column":41}},"type":"default-arg","locations":[{"start":{"line":9,"column":13},"end":{"line":9,"column":41}}],"line":9},"1":{"loc":{"start":{"line":10,"column":2},"end":{"line":10,"column":32}},"type":"default-arg","locations":[{"start":{"line":10,"column":19},"end":{"line":10,"column":32}}],"line":10}},"s":{"0":1,"1":180,"2":180,"3":180,"4":180,"5":90,"6":90,"7":90,"8":0,"9":90,"10":180},"f":{"0":180,"1":90,"2":90,"3":90,"4":0},"b":{"0":[2],"1":[8]},"_coverageSchema":"1a1c01bbd47fc00a2c39e90264f33305004495a9","hash":"8c9a0d1715f702d721eb3e1e29eda920f4104404"}
,"G:\\projects\\react-native-hash\\react-native-hash\\JSHash\\Hooks\\useHmac.js": {"path":"G:\\projects\\react-native-hash\\react-native-hash\\JSHash\\Hooks\\useHmac.js","statementMap":{"0":{"start":{"line":8,"column":16},"end":{"line":27,"column":1}},"1":{"start":{"line":13,"column":26},"end":{"line":13,"column":44}},"2":{"start":{"line":14,"column":32},"end":{"line":14,"column":56}},"3":{"start":{"line":15,"column":30},"end":{"line":15,"column":53}},"4":{"start":{"line":16,"column":30},"end":{"line":16,"column":40}},"5":{"start":{"line":17,"column":2},"end":{"line":24,"column":30}},"6":{"start":{"line":18,"column":17},"end":{"line":22,"column":8}},"7":{"start":{"line":18,"column":23},"end":{"line":22,"column":8}},"8":{"start":{"line":19,"column":19},"end":{"line":19,"column":31}},"9":{"start":{"line":21,"column":8},"end":{"line":21,"column":26}},"10":{"start":{"line":23,"column":4},"end":{"line":23,"column":11}},"11":{"start":{"line":26,"column":2},"end":{"line":26,"column":50}}},"fnMap":{"0":{"name":"(anonymous_0)","decl":{"start":{"line":8,"column":16},"end":{"line":8,"column":17}},"loc":{"start":{"line":12,"column":5},"end":{"line":27,"column":1}},"line":12},"1":{"name":"(anonymous_1)","decl":{"start":{"line":17,"column":12},"end":{"line":17,"column":13}},"loc":{"start":{"line":17,"column":18},"end":{"line":24,"column":3}},"line":17},"2":{"name":"(anonymous_2)","decl":{"start":{"line":18,"column":17},"end":{"line":18,"column":18}},"loc":{"start":{"line":18,"column":23},"end":{"line":22,"column":8}},"line":18},"3":{"name":"(anonymous_3)","decl":{"start":{"line":19,"column":12},"end":{"line":19,"column":13}},"loc":{"start":{"line":19,"column":19},"end":{"line":19,"column":31}},"line":19},"4":{"name":"(anonymous_4)","decl":{"start":{"line":20,"column":13},"end":{"line":20,"column":14}},"loc":{"start":{"line":20,"column":21},"end":{"line":22,"column":7}},"line":20}},"branchMap":{"0":{"loc":{"start":{"line":9,"column":2},"end":{"line":9,"column":45}},"type":"default-arg","locations":[{"start":{"line":9,"column":13},"end":{"line":9,"column":45}}],"line":9},"1":{"loc":{"start":{"line":10,"column":2},"end":{"line":10,"column":32}},"type":"default-arg","locations":[{"start":{"line":10,"column":19},"end":{"line":10,"column":32}}],"line":10},"2":{"loc":{"start":{"line":11,"column":2},"end":{"line":11,"column":29}},"type":"default-arg","locations":[{"start":{"line":11,"column":18},"end":{"line":11,"column":29}}],"line":11}},"s":{"0":1,"1":164,"2":164,"3":164,"4":164,"5":164,"6":82,"7":82,"8":82,"9":0,"10":82,"11":164},"f":{"0":164,"1":82,"2":82,"3":82,"4":0},"b":{"0":[2],"1":[14],"2":[162]},"_coverageSchema":"1a1c01bbd47fc00a2c39e90264f33305004495a9","hash":"0ac8d7c6a5ee8752b9dcc28be556fd1b132490ba"}
,"G:\\projects\\react-native-hash\\react-native-hash\\__tests__\\C.js": {"path":"G:\\projects\\react-native-hash\\react-native-hash\\__tests__\\C.js","statementMap":{"0":{"start":{"line":3,"column":27},"end":{"line":14,"column":1}},"1":{"start":{"line":16,"column":25},"end":{"line":27,"column":1}},"2":{"start":{"line":29,"column":26},"end":{"line":40,"column":1}},"3":{"start":{"line":42,"column":28},"end":{"line":53,"column":1}},"4":{"start":{"line":55,"column":28},"end":{"line":66,"column":1}},"5":{"start":{"line":68,"column":28},"end":{"line":79,"column":1}},"6":{"start":{"line":81,"column":28},"end":{"line":92,"column":1}},"7":{"start":{"line":94,"column":28},"end":{"line":105,"column":1}},"8":{"start":{"line":107,"column":24},"end":{"line":118,"column":1}},"9":{"start":{"line":120,"column":25},"end":{"line":131,"column":1}},"10":{"start":{"line":132,"column":27},"end":{"line":143,"column":1}},"11":{"start":{"line":144,"column":27},"end":{"line":155,"column":1}},"12":{"start":{"line":156,"column":27},"end":{"line":167,"column":1}},"13":{"start":{"line":168,"column":27},"end":{"line":179,"column":1}}},"fnMap":{},"branchMap":{},"s":{"0":4,"1":4,"2":4,"3":4,"4":4,"5":4,"6":4,"7":4,"8":4,"9":4,"10":4,"11":4,"12":4,"13":4},"f":{},"b":{},"_coverageSchema":"1a1c01bbd47fc00a2c39e90264f33305004495a9","hash":"32b3a5db0ddde0dfc2fe7fa5fa5d3f82de69b1f6"}
}
