{"F:\\Git_2_Main_Projects\\Hash\\react-native-hash\\JSHash\\JSHash.js": {"path":"F:\\Git_2_Main_Projects\\Hash\\react-native-hash\\JSHash\\JSHash.js","statementMap":{"0":{"start":{"line":15,"column":4},"end":{"line":15,"column":8}},"1":{"start":{"line":22,"column":19},"end":{"line":55,"column":1}},"2":{"start":{"line":23,"column":2},"end":{"line":54,"column":3}},"3":{"start":{"line":25,"column":22},"end":{"line":25,"column":39}},"4":{"start":{"line":26,"column":6},"end":{"line":26,"column":36}},"5":{"start":{"line":29,"column":23},"end":{"line":29,"column":41}},"6":{"start":{"line":30,"column":6},"end":{"line":30,"column":37}},"7":{"start":{"line":33,"column":25},"end":{"line":33,"column":45}},"8":{"start":{"line":34,"column":6},"end":{"line":34,"column":39}},"9":{"start":{"line":37,"column":25},"end":{"line":37,"column":45}},"10":{"start":{"line":38,"column":6},"end":{"line":38,"column":39}},"11":{"start":{"line":41,"column":25},"end":{"line":41,"column":45}},"12":{"start":{"line":42,"column":6},"end":{"line":42,"column":39}},"13":{"start":{"line":45,"column":25},"end":{"line":45,"column":45}},"14":{"start":{"line":46,"column":6},"end":{"line":46,"column":39}},"15":{"start":{"line":49,"column":25},"end":{"line":49,"column":43}},"16":{"start":{"line":50,"column":6},"end":{"line":50,"column":39}},"17":{"start":{"line":53,"column":6},"end":{"line":53,"column":64}}},"fnMap":{"0":{"name":"(anonymous_0)","decl":{"start":{"line":22,"column":19},"end":{"line":22,"column":20}},"loc":{"start":{"line":22,"column":48},"end":{"line":55,"column":1}},"line":22}},"branchMap":{"0":{"loc":{"start":{"line":23,"column":2},"end":{"line":54,"column":3}},"type":"switch","locations":[{"start":{"line":24,"column":4},"end":{"line":27,"column":5}},{"start":{"line":28,"column":4},"end":{"line":31,"column":5}},{"start":{"line":32,"column":4},"end":{"line":35,"column":5}},{"start":{"line":36,"column":4},"end":{"line":39,"column":5}},{"start":{"line":40,"column":4},"end":{"line":43,"column":5}},{"start":{"line":44,"column":4},"end":{"line":47,"column":5}},{"start":{"line":48,"column":4},"end":{"line":51,"column":5}},{"start":{"line":52,"column":4},"end":{"line":53,"column":64}}],"line":23}},"s":{"0":1,"1":1,"2":61,"3":10,"4":10,"5":10,"6":10,"7":10,"8":10,"9":10,"10":10,"11":10,"12":10,"13":10,"14":10,"15":1,"16":1,"17":0},"f":{"0":61},"b":{"0":[10,10,10,10,10,10,1,0]},"_coverageSchema":"43e27e138ebf9cfc5966b082cf9a028302ed4184","hash":"933126ecdacc7fc08c4066cc0e3d295265f722de"}
,"F:\\Git_2_Main_Projects\\Hash\\react-native-hash\\JSHash\\lib\\format-hex.js": {"path":"F:\\Git_2_Main_Projects\\Hash\\react-native-hash\\JSHash\\lib\\format-hex.js","statementMap":{"0":{"start":{"line":8,"column":28},"end":{"line":43,"column":1}},"1":{"start":{"line":23,"column":4},"end":{"line":23,"column":38}},"2":{"start":{"line":40,"column":23},"end":{"line":40,"column":39}},"3":{"start":{"line":41,"column":4},"end":{"line":41,"column":47}}},"fnMap":{"0":{"name":"(anonymous_0)","decl":{"start":{"line":22,"column":2},"end":{"line":22,"column":3}},"loc":{"start":{"line":22,"column":26},"end":{"line":24,"column":3}},"line":22},"1":{"name":"(anonymous_1)","decl":{"start":{"line":39,"column":2},"end":{"line":39,"column":3}},"loc":{"start":{"line":39,"column":15},"end":{"line":42,"column":3}},"line":39}},"branchMap":{},"s":{"0":1,"1":61,"2":0,"3":0},"f":{"0":61,"1":0},"b":{},"_coverageSchema":"43e27e138ebf9cfc5966b082cf9a028302ed4184","hash":"c3f05f0c439fa022334297d7a2e4041fa185ec36"}
,"F:\\Git_2_Main_Projects\\Hash\\react-native-hash\\JSHash\\lib\\index.js": {"path":"F:\\Git_2_Main_Projects\\Hash\\react-native-hash\\JSHash\\lib\\index.js","statementMap":{},"fnMap":{},"branchMap":{},"s":{},"f":{},"b":{},"_coverageSchema":"43e27e138ebf9cfc5966b082cf9a028302ed4184","hash":"bfdc135b50d739a5ceb55157c74666f2bf1bba39"}
,"F:\\Git_2_Main_Projects\\Hash\\react-native-hash\\JSHash\\lib\\md5.js": {"path":"F:\\Git_2_Main_Projects\\Hash\\react-native-hash\\JSHash\\lib\\md5.js","statementMap":{"0":{"start":{"line":9,"column":10},"end":{"line":9,"column":12}},"1":{"start":{"line":12,"column":0},"end":{"line":14,"column":1}},"2":{"start":{"line":12,"column":13},"end":{"line":12,"column":14}},"3":{"start":{"line":13,"column":2},"end":{"line":13,"column":55}},"4":{"start":{"line":16,"column":11},"end":{"line":19,"column":1}},"5":{"start":{"line":17,"column":12},"end":{"line":17,"column":44}},"6":{"start":{"line":18,"column":2},"end":{"line":18,"column":43}},"7":{"start":{"line":21,"column":11},"end":{"line":24,"column":1}},"8":{"start":{"line":22,"column":12},"end":{"line":22,"column":44}},"9":{"start":{"line":23,"column":2},"end":{"line":23,"column":43}},"10":{"start":{"line":26,"column":11},"end":{"line":29,"column":1}},"11":{"start":{"line":27,"column":12},"end":{"line":27,"column":35}},"12":{"start":{"line":28,"column":2},"end":{"line":28,"column":43}},"13":{"start":{"line":31,"column":11},"end":{"line":34,"column":1}},"14":{"start":{"line":32,"column":12},"end":{"line":32,"column":38}},"15":{"start":{"line":33,"column":2},"end":{"line":33,"column":43}},"16":{"start":{"line":41,"column":4},"end":{"line":46,"column":7}},"17":{"start":{"line":50,"column":15},"end":{"line":50,"column":16}},"18":{"start":{"line":53,"column":4},"end":{"line":62,"column":5}},"19":{"start":{"line":53,"column":17},"end":{"line":53,"column":18}},"20":{"start":{"line":55,"column":23},"end":{"line":55,"column":33}},"21":{"start":{"line":56,"column":25},"end":{"line":56,"column":36}},"22":{"start":{"line":58,"column":6},"end":{"line":61,"column":8}},"23":{"start":{"line":65,"column":14},"end":{"line":65,"column":30}},"24":{"start":{"line":67,"column":23},"end":{"line":67,"column":37}},"25":{"start":{"line":68,"column":23},"end":{"line":68,"column":37}},"26":{"start":{"line":69,"column":23},"end":{"line":69,"column":37}},"27":{"start":{"line":70,"column":23},"end":{"line":70,"column":37}},"28":{"start":{"line":71,"column":23},"end":{"line":71,"column":37}},"29":{"start":{"line":72,"column":23},"end":{"line":72,"column":37}},"30":{"start":{"line":73,"column":23},"end":{"line":73,"column":37}},"31":{"start":{"line":74,"column":23},"end":{"line":74,"column":37}},"32":{"start":{"line":75,"column":23},"end":{"line":75,"column":37}},"33":{"start":{"line":76,"column":23},"end":{"line":76,"column":37}},"34":{"start":{"line":77,"column":24},"end":{"line":77,"column":39}},"35":{"start":{"line":78,"column":24},"end":{"line":78,"column":39}},"36":{"start":{"line":79,"column":24},"end":{"line":79,"column":39}},"37":{"start":{"line":80,"column":24},"end":{"line":80,"column":39}},"38":{"start":{"line":81,"column":24},"end":{"line":81,"column":39}},"39":{"start":{"line":82,"column":24},"end":{"line":82,"column":39}},"40":{"start":{"line":85,"column":12},"end":{"line":85,"column":16}},"41":{"start":{"line":86,"column":12},"end":{"line":86,"column":16}},"42":{"start":{"line":87,"column":12},"end":{"line":87,"column":16}},"43":{"start":{"line":88,"column":12},"end":{"line":88,"column":16}},"44":{"start":{"line":91,"column":4},"end":{"line":91,"column":44}},"45":{"start":{"line":92,"column":4},"end":{"line":92,"column":45}},"46":{"start":{"line":93,"column":4},"end":{"line":93,"column":45}},"47":{"start":{"line":94,"column":4},"end":{"line":94,"column":45}},"48":{"start":{"line":95,"column":4},"end":{"line":95,"column":44}},"49":{"start":{"line":96,"column":4},"end":{"line":96,"column":45}},"50":{"start":{"line":97,"column":4},"end":{"line":97,"column":45}},"51":{"start":{"line":98,"column":4},"end":{"line":98,"column":45}},"52":{"start":{"line":99,"column":4},"end":{"line":99,"column":44}},"53":{"start":{"line":100,"column":4},"end":{"line":100,"column":45}},"54":{"start":{"line":101,"column":4},"end":{"line":101,"column":47}},"55":{"start":{"line":102,"column":4},"end":{"line":102,"column":47}},"56":{"start":{"line":103,"column":4},"end":{"line":103,"column":46}},"57":{"start":{"line":104,"column":4},"end":{"line":104,"column":47}},"58":{"start":{"line":105,"column":4},"end":{"line":105,"column":47}},"59":{"start":{"line":106,"column":4},"end":{"line":106,"column":47}},"60":{"start":{"line":108,"column":4},"end":{"line":108,"column":45}},"61":{"start":{"line":109,"column":4},"end":{"line":109,"column":45}},"62":{"start":{"line":110,"column":4},"end":{"line":110,"column":47}},"63":{"start":{"line":111,"column":4},"end":{"line":111,"column":46}},"64":{"start":{"line":112,"column":4},"end":{"line":112,"column":45}},"65":{"start":{"line":113,"column":4},"end":{"line":113,"column":46}},"66":{"start":{"line":114,"column":4},"end":{"line":114,"column":47}},"67":{"start":{"line":115,"column":4},"end":{"line":115,"column":46}},"68":{"start":{"line":116,"column":4},"end":{"line":116,"column":45}},"69":{"start":{"line":117,"column":4},"end":{"line":117,"column":46}},"70":{"start":{"line":118,"column":4},"end":{"line":118,"column":46}},"71":{"start":{"line":119,"column":4},"end":{"line":119,"column":46}},"72":{"start":{"line":120,"column":4},"end":{"line":120,"column":46}},"73":{"start":{"line":121,"column":4},"end":{"line":121,"column":45}},"74":{"start":{"line":122,"column":4},"end":{"line":122,"column":46}},"75":{"start":{"line":123,"column":4},"end":{"line":123,"column":47}},"76":{"start":{"line":125,"column":4},"end":{"line":125,"column":45}},"77":{"start":{"line":126,"column":4},"end":{"line":126,"column":46}},"78":{"start":{"line":127,"column":4},"end":{"line":127,"column":47}},"79":{"start":{"line":128,"column":4},"end":{"line":128,"column":47}},"80":{"start":{"line":129,"column":4},"end":{"line":129,"column":45}},"81":{"start":{"line":130,"column":4},"end":{"line":130,"column":46}},"82":{"start":{"line":131,"column":4},"end":{"line":131,"column":46}},"83":{"start":{"line":132,"column":4},"end":{"line":132,"column":47}},"84":{"start":{"line":133,"column":4},"end":{"line":133,"column":46}},"85":{"start":{"line":134,"column":4},"end":{"line":134,"column":46}},"86":{"start":{"line":135,"column":4},"end":{"line":135,"column":46}},"87":{"start":{"line":136,"column":4},"end":{"line":136,"column":46}},"88":{"start":{"line":137,"column":4},"end":{"line":137,"column":45}},"89":{"start":{"line":138,"column":4},"end":{"line":138,"column":47}},"90":{"start":{"line":139,"column":4},"end":{"line":139,"column":47}},"91":{"start":{"line":140,"column":4},"end":{"line":140,"column":46}},"92":{"start":{"line":142,"column":4},"end":{"line":142,"column":45}},"93":{"start":{"line":143,"column":4},"end":{"line":143,"column":46}},"94":{"start":{"line":144,"column":4},"end":{"line":144,"column":47}},"95":{"start":{"line":145,"column":4},"end":{"line":145,"column":46}},"96":{"start":{"line":146,"column":4},"end":{"line":146,"column":46}},"97":{"start":{"line":147,"column":4},"end":{"line":147,"column":46}},"98":{"start":{"line":148,"column":4},"end":{"line":148,"column":47}},"99":{"start":{"line":149,"column":4},"end":{"line":149,"column":46}},"100":{"start":{"line":150,"column":4},"end":{"line":150,"column":45}},"101":{"start":{"line":151,"column":4},"end":{"line":151,"column":47}},"102":{"start":{"line":152,"column":4},"end":{"line":152,"column":46}},"103":{"start":{"line":153,"column":4},"end":{"line":153,"column":47}},"104":{"start":{"line":154,"column":4},"end":{"line":154,"column":45}},"105":{"start":{"line":155,"column":4},"end":{"line":155,"column":47}},"106":{"start":{"line":156,"column":4},"end":{"line":156,"column":46}},"107":{"start":{"line":157,"column":4},"end":{"line":157,"column":46}},"108":{"start":{"line":160,"column":4},"end":{"line":160,"column":26}},"109":{"start":{"line":161,"column":4},"end":{"line":161,"column":26}},"110":{"start":{"line":162,"column":4},"end":{"line":162,"column":26}},"111":{"start":{"line":163,"column":4},"end":{"line":163,"column":26}},"112":{"start":{"line":169,"column":17},"end":{"line":169,"column":27}},"113":{"start":{"line":170,"column":22},"end":{"line":170,"column":32}},"114":{"start":{"line":172,"column":23},"end":{"line":172,"column":43}},"115":{"start":{"line":173,"column":22},"end":{"line":173,"column":39}},"116":{"start":{"line":176,"column":4},"end":{"line":176,"column":66}},"117":{"start":{"line":178,"column":24},"end":{"line":178,"column":60}},"118":{"start":{"line":179,"column":24},"end":{"line":179,"column":34}},"119":{"start":{"line":180,"column":4},"end":{"line":183,"column":6}},"120":{"start":{"line":184,"column":4},"end":{"line":187,"column":6}},"121":{"start":{"line":189,"column":4},"end":{"line":189,"column":47}},"122":{"start":{"line":192,"column":4},"end":{"line":192,"column":20}},"123":{"start":{"line":195,"column":17},"end":{"line":195,"column":27}},"124":{"start":{"line":196,"column":14},"end":{"line":196,"column":24}},"125":{"start":{"line":199,"column":4},"end":{"line":205,"column":5}},"126":{"start":{"line":199,"column":17},"end":{"line":199,"column":18}},"127":{"start":{"line":201,"column":18},"end":{"line":201,"column":22}},"128":{"start":{"line":203,"column":6},"end":{"line":204,"column":53}},"129":{"start":{"line":208,"column":4},"end":{"line":208,"column":16}},"130":{"start":{"line":212,"column":18},"end":{"line":212,"column":40}},"131":{"start":{"line":213,"column":4},"end":{"line":213,"column":37}},"132":{"start":{"line":215,"column":4},"end":{"line":215,"column":17}},"133":{"start":{"line":233,"column":19},"end":{"line":233,"column":48}},"134":{"start":{"line":249,"column":23},"end":{"line":249,"column":56}}},"fnMap":{"0":{"name":"(anonymous_0)","decl":{"start":{"line":16,"column":11},"end":{"line":16,"column":12}},"loc":{"start":{"line":16,"column":36},"end":{"line":19,"column":1}},"line":16},"1":{"name":"(anonymous_1)","decl":{"start":{"line":21,"column":11},"end":{"line":21,"column":12}},"loc":{"start":{"line":21,"column":36},"end":{"line":24,"column":1}},"line":21},"2":{"name":"(anonymous_2)","decl":{"start":{"line":26,"column":11},"end":{"line":26,"column":12}},"loc":{"start":{"line":26,"column":36},"end":{"line":29,"column":1}},"line":26},"3":{"name":"(anonymous_3)","decl":{"start":{"line":31,"column":11},"end":{"line":31,"column":12}},"loc":{"start":{"line":31,"column":36},"end":{"line":34,"column":1}},"line":31},"4":{"name":"(anonymous_4)","decl":{"start":{"line":40,"column":2},"end":{"line":40,"column":3}},"loc":{"start":{"line":40,"column":13},"end":{"line":47,"column":3}},"line":40},"5":{"name":"(anonymous_5)","decl":{"start":{"line":49,"column":2},"end":{"line":49,"column":3}},"loc":{"start":{"line":49,"column":29},"end":{"line":164,"column":3}},"line":49},"6":{"name":"(anonymous_6)","decl":{"start":{"line":167,"column":2},"end":{"line":167,"column":3}},"loc":{"start":{"line":167,"column":16},"end":{"line":209,"column":3}},"line":167},"7":{"name":"(anonymous_7)","decl":{"start":{"line":211,"column":2},"end":{"line":211,"column":3}},"loc":{"start":{"line":211,"column":10},"end":{"line":216,"column":3}},"line":211}},"branchMap":{},"s":{"0":1,"1":1,"2":1,"3":64,"4":1,"5":160,"6":160,"7":1,"8":160,"9":160,"10":1,"11":160,"12":160,"13":1,"14":160,"15":160,"16":10,"17":10,"18":10,"19":10,"20":160,"21":160,"22":160,"23":10,"24":10,"25":10,"26":10,"27":10,"28":10,"29":10,"30":10,"31":10,"32":10,"33":10,"34":10,"35":10,"36":10,"37":10,"38":10,"39":10,"40":10,"41":10,"42":10,"43":10,"44":10,"45":10,"46":10,"47":10,"48":10,"49":10,"50":10,"51":10,"52":10,"53":10,"54":10,"55":10,"56":10,"57":10,"58":10,"59":10,"60":10,"61":10,"62":10,"63":10,"64":10,"65":10,"66":10,"67":10,"68":10,"69":10,"70":10,"71":10,"72":10,"73":10,"74":10,"75":10,"76":10,"77":10,"78":10,"79":10,"80":10,"81":10,"82":10,"83":10,"84":10,"85":10,"86":10,"87":10,"88":10,"89":10,"90":10,"91":10,"92":10,"93":10,"94":10,"95":10,"96":10,"97":10,"98":10,"99":10,"100":10,"101":10,"102":10,"103":10,"104":10,"105":10,"106":10,"107":10,"108":10,"109":10,"110":10,"111":10,"112":10,"113":10,"114":10,"115":10,"116":10,"117":10,"118":10,"119":10,"120":10,"121":10,"122":10,"123":10,"124":10,"125":10,"126":10,"127":40,"128":40,"129":10,"130":0,"131":0,"132":0,"133":1,"134":1},"f":{"0":160,"1":160,"2":160,"3":160,"4":10,"5":10,"6":10,"7":0},"b":{},"_coverageSchema":"43e27e138ebf9cfc5966b082cf9a028302ed4184","hash":"c737dedb5e99e10f78b137520f73fa968351e5c2"}
,"F:\\Git_2_Main_Projects\\Hash\\react-native-hash\\JSHash\\lib\\sha1.js": {"path":"F:\\Git_2_Main_Projects\\Hash\\react-native-hash\\JSHash\\lib\\sha1.js","statementMap":{"0":{"start":{"line":9,"column":10},"end":{"line":9,"column":12}},"1":{"start":{"line":16,"column":4},"end":{"line":22,"column":7}},"2":{"start":{"line":27,"column":14},"end":{"line":27,"column":30}},"3":{"start":{"line":30,"column":12},"end":{"line":30,"column":16}},"4":{"start":{"line":31,"column":12},"end":{"line":31,"column":16}},"5":{"start":{"line":32,"column":12},"end":{"line":32,"column":16}},"6":{"start":{"line":33,"column":12},"end":{"line":33,"column":16}},"7":{"start":{"line":34,"column":12},"end":{"line":34,"column":16}},"8":{"start":{"line":37,"column":4},"end":{"line":61,"column":5}},"9":{"start":{"line":37,"column":17},"end":{"line":37,"column":18}},"10":{"start":{"line":38,"column":6},"end":{"line":43,"column":7}},"11":{"start":{"line":39,"column":8},"end":{"line":39,"column":33}},"12":{"start":{"line":41,"column":18},"end":{"line":41,"column":61}},"13":{"start":{"line":42,"column":8},"end":{"line":42,"column":37}},"14":{"start":{"line":45,"column":14},"end":{"line":45,"column":48}},"15":{"start":{"line":46,"column":6},"end":{"line":54,"column":7}},"16":{"start":{"line":47,"column":8},"end":{"line":47,"column":47}},"17":{"start":{"line":48,"column":13},"end":{"line":54,"column":7}},"18":{"start":{"line":49,"column":8},"end":{"line":49,"column":38}},"19":{"start":{"line":50,"column":13},"end":{"line":54,"column":7}},"20":{"start":{"line":51,"column":8},"end":{"line":51,"column":56}},"21":{"start":{"line":53,"column":8},"end":{"line":53,"column":38}},"22":{"start":{"line":56,"column":6},"end":{"line":56,"column":12}},"23":{"start":{"line":57,"column":6},"end":{"line":57,"column":12}},"24":{"start":{"line":58,"column":6},"end":{"line":58,"column":32}},"25":{"start":{"line":59,"column":6},"end":{"line":59,"column":12}},"26":{"start":{"line":60,"column":6},"end":{"line":60,"column":12}},"27":{"start":{"line":64,"column":4},"end":{"line":64,"column":26}},"28":{"start":{"line":65,"column":4},"end":{"line":65,"column":26}},"29":{"start":{"line":66,"column":4},"end":{"line":66,"column":26}},"30":{"start":{"line":67,"column":4},"end":{"line":67,"column":26}},"31":{"start":{"line":68,"column":4},"end":{"line":68,"column":26}},"32":{"start":{"line":73,"column":17},"end":{"line":73,"column":27}},"33":{"start":{"line":74,"column":22},"end":{"line":74,"column":32}},"34":{"start":{"line":76,"column":23},"end":{"line":76,"column":43}},"35":{"start":{"line":77,"column":22},"end":{"line":77,"column":39}},"36":{"start":{"line":80,"column":4},"end":{"line":80,"column":66}},"37":{"start":{"line":81,"column":4},"end":{"line":81,"column":91}},"38":{"start":{"line":82,"column":4},"end":{"line":82,"column":65}},"39":{"start":{"line":83,"column":4},"end":{"line":83,"column":41}},"40":{"start":{"line":86,"column":4},"end":{"line":86,"column":20}},"41":{"start":{"line":89,"column":4},"end":{"line":89,"column":22}},"42":{"start":{"line":93,"column":18},"end":{"line":93,"column":40}},"43":{"start":{"line":94,"column":4},"end":{"line":94,"column":37}},"44":{"start":{"line":96,"column":4},"end":{"line":96,"column":17}},"45":{"start":{"line":114,"column":20},"end":{"line":114,"column":50}},"46":{"start":{"line":130,"column":24},"end":{"line":130,"column":58}}},"fnMap":{"0":{"name":"(anonymous_0)","decl":{"start":{"line":15,"column":2},"end":{"line":15,"column":3}},"loc":{"start":{"line":15,"column":13},"end":{"line":23,"column":3}},"line":15},"1":{"name":"(anonymous_1)","decl":{"start":{"line":25,"column":2},"end":{"line":25,"column":3}},"loc":{"start":{"line":25,"column":29},"end":{"line":69,"column":3}},"line":25},"2":{"name":"(anonymous_2)","decl":{"start":{"line":71,"column":2},"end":{"line":71,"column":3}},"loc":{"start":{"line":71,"column":16},"end":{"line":90,"column":3}},"line":71},"3":{"name":"(anonymous_3)","decl":{"start":{"line":92,"column":2},"end":{"line":92,"column":3}},"loc":{"start":{"line":92,"column":10},"end":{"line":97,"column":3}},"line":92}},"branchMap":{"0":{"loc":{"start":{"line":38,"column":6},"end":{"line":43,"column":7}},"type":"if","locations":[{"start":{"line":38,"column":6},"end":{"line":43,"column":7}},{"start":{"line":38,"column":6},"end":{"line":43,"column":7}}],"line":38},"1":{"loc":{"start":{"line":46,"column":6},"end":{"line":54,"column":7}},"type":"if","locations":[{"start":{"line":46,"column":6},"end":{"line":54,"column":7}},{"start":{"line":46,"column":6},"end":{"line":54,"column":7}}],"line":46},"2":{"loc":{"start":{"line":48,"column":13},"end":{"line":54,"column":7}},"type":"if","locations":[{"start":{"line":48,"column":13},"end":{"line":54,"column":7}},{"start":{"line":48,"column":13},"end":{"line":54,"column":7}}],"line":48},"3":{"loc":{"start":{"line":50,"column":13},"end":{"line":54,"column":7}},"type":"if","locations":[{"start":{"line":50,"column":13},"end":{"line":54,"column":7}},{"start":{"line":50,"column":13},"end":{"line":54,"column":7}}],"line":50}},"s":{"0":1,"1":10,"2":10,"3":10,"4":10,"5":10,"6":10,"7":10,"8":10,"9":10,"10":800,"11":160,"12":640,"13":640,"14":800,"15":800,"16":200,"17":600,"18":200,"19":400,"20":200,"21":200,"22":800,"23":800,"24":800,"25":800,"26":800,"27":10,"28":10,"29":10,"30":10,"31":10,"32":10,"33":10,"34":10,"35":10,"36":10,"37":10,"38":10,"39":10,"40":10,"41":10,"42":0,"43":0,"44":0,"45":1,"46":1},"f":{"0":10,"1":10,"2":10,"3":0},"b":{"0":[160,640],"1":[200,600],"2":[200,400],"3":[200,200]},"_coverageSchema":"43e27e138ebf9cfc5966b082cf9a028302ed4184","hash":"942a2e6a107823cc5f32d6f7aff4c8a30b89b86d"}
,"F:\\Git_2_Main_Projects\\Hash\\react-native-hash\\JSHash\\lib\\sha224.js": {"path":"F:\\Git_2_Main_Projects\\Hash\\react-native-hash\\JSHash\\lib\\sha224.js","statementMap":{"0":{"start":{"line":11,"column":4},"end":{"line":20,"column":7}},"1":{"start":{"line":24,"column":17},"end":{"line":24,"column":45}},"2":{"start":{"line":26,"column":4},"end":{"line":26,"column":23}},"3":{"start":{"line":28,"column":4},"end":{"line":28,"column":16}},"4":{"start":{"line":46,"column":22},"end":{"line":46,"column":58}},"5":{"start":{"line":62,"column":26},"end":{"line":62,"column":66}}},"fnMap":{"0":{"name":"(anonymous_0)","decl":{"start":{"line":10,"column":2},"end":{"line":10,"column":3}},"loc":{"start":{"line":10,"column":13},"end":{"line":21,"column":3}},"line":10},"1":{"name":"(anonymous_1)","decl":{"start":{"line":23,"column":2},"end":{"line":23,"column":3}},"loc":{"start":{"line":23,"column":16},"end":{"line":29,"column":3}},"line":23}},"branchMap":{},"s":{"0":10,"1":10,"2":10,"3":10,"4":1,"5":1},"f":{"0":10,"1":10},"b":{},"_coverageSchema":"43e27e138ebf9cfc5966b082cf9a028302ed4184","hash":"9f227f87eee19e91eceec478d3522a6265a92a06"}
,"F:\\Git_2_Main_Projects\\Hash\\react-native-hash\\JSHash\\lib\\sha256.js": {"path":"F:\\Git_2_Main_Projects\\Hash\\react-native-hash\\JSHash\\lib\\sha256.js","statementMap":{"0":{"start":{"line":9,"column":10},"end":{"line":9,"column":12}},"1":{"start":{"line":10,"column":10},"end":{"line":10,"column":12}},"2":{"start":{"line":13,"column":16},"end":{"line":22,"column":1}},"3":{"start":{"line":14,"column":16},"end":{"line":14,"column":28}},"4":{"start":{"line":15,"column":2},"end":{"line":19,"column":3}},"5":{"start":{"line":15,"column":20},"end":{"line":15,"column":21}},"6":{"start":{"line":16,"column":4},"end":{"line":18,"column":5}},"7":{"start":{"line":17,"column":6},"end":{"line":17,"column":19}},"8":{"start":{"line":21,"column":2},"end":{"line":21,"column":14}},"9":{"start":{"line":24,"column":26},"end":{"line":24,"column":66}},"10":{"start":{"line":24,"column":33},"end":{"line":24,"column":66}},"11":{"start":{"line":26,"column":8},"end":{"line":26,"column":9}},"12":{"start":{"line":27,"column":13},"end":{"line":27,"column":14}},"13":{"start":{"line":28,"column":0},"end":{"line":39,"column":1}},"14":{"start":{"line":29,"column":2},"end":{"line":36,"column":3}},"15":{"start":{"line":30,"column":4},"end":{"line":32,"column":5}},"16":{"start":{"line":31,"column":6},"end":{"line":31,"column":50}},"17":{"start":{"line":33,"column":4},"end":{"line":33,"column":48}},"18":{"start":{"line":35,"column":4},"end":{"line":35,"column":16}},"19":{"start":{"line":38,"column":2},"end":{"line":38,"column":9}},"20":{"start":{"line":42,"column":10},"end":{"line":42,"column":12}},"21":{"start":{"line":49,"column":4},"end":{"line":49,"column":43}},"22":{"start":{"line":54,"column":15},"end":{"line":54,"column":31}},"23":{"start":{"line":57,"column":12},"end":{"line":57,"column":17}},"24":{"start":{"line":58,"column":12},"end":{"line":58,"column":17}},"25":{"start":{"line":59,"column":12},"end":{"line":59,"column":17}},"26":{"start":{"line":60,"column":12},"end":{"line":60,"column":17}},"27":{"start":{"line":61,"column":12},"end":{"line":61,"column":17}},"28":{"start":{"line":62,"column":12},"end":{"line":62,"column":17}},"29":{"start":{"line":63,"column":12},"end":{"line":63,"column":17}},"30":{"start":{"line":64,"column":12},"end":{"line":64,"column":17}},"31":{"start":{"line":67,"column":4},"end":{"line":101,"column":5}},"32":{"start":{"line":67,"column":17},"end":{"line":67,"column":18}},"33":{"start":{"line":68,"column":6},"end":{"line":82,"column":7}},"34":{"start":{"line":69,"column":8},"end":{"line":69,"column":33}},"35":{"start":{"line":71,"column":24},"end":{"line":71,"column":33}},"36":{"start":{"line":72,"column":23},"end":{"line":74,"column":27}},"37":{"start":{"line":76,"column":24},"end":{"line":76,"column":32}},"38":{"start":{"line":77,"column":23},"end":{"line":79,"column":28}},"39":{"start":{"line":81,"column":8},"end":{"line":81,"column":54}},"40":{"start":{"line":84,"column":17},"end":{"line":84,"column":35}},"41":{"start":{"line":85,"column":18},"end":{"line":85,"column":45}},"42":{"start":{"line":87,"column":21},"end":{"line":87,"column":98}},"43":{"start":{"line":88,"column":21},"end":{"line":88,"column":97}},"44":{"start":{"line":90,"column":17},"end":{"line":90,"column":46}},"45":{"start":{"line":91,"column":17},"end":{"line":91,"column":29}},"46":{"start":{"line":93,"column":6},"end":{"line":93,"column":12}},"47":{"start":{"line":94,"column":6},"end":{"line":94,"column":12}},"48":{"start":{"line":95,"column":6},"end":{"line":95,"column":12}},"49":{"start":{"line":96,"column":6},"end":{"line":96,"column":23}},"50":{"start":{"line":97,"column":6},"end":{"line":97,"column":12}},"51":{"start":{"line":98,"column":6},"end":{"line":98,"column":12}},"52":{"start":{"line":99,"column":6},"end":{"line":99,"column":12}},"53":{"start":{"line":100,"column":6},"end":{"line":100,"column":24}},"54":{"start":{"line":104,"column":4},"end":{"line":104,"column":28}},"55":{"start":{"line":105,"column":4},"end":{"line":105,"column":28}},"56":{"start":{"line":106,"column":4},"end":{"line":106,"column":28}},"57":{"start":{"line":107,"column":4},"end":{"line":107,"column":28}},"58":{"start":{"line":108,"column":4},"end":{"line":108,"column":28}},"59":{"start":{"line":109,"column":4},"end":{"line":109,"column":28}},"60":{"start":{"line":110,"column":4},"end":{"line":110,"column":28}},"61":{"start":{"line":111,"column":4},"end":{"line":111,"column":28}},"62":{"start":{"line":116,"column":17},"end":{"line":116,"column":27}},"63":{"start":{"line":117,"column":22},"end":{"line":117,"column":32}},"64":{"start":{"line":119,"column":23},"end":{"line":119,"column":43}},"65":{"start":{"line":120,"column":22},"end":{"line":120,"column":39}},"66":{"start":{"line":123,"column":4},"end":{"line":123,"column":66}},"67":{"start":{"line":124,"column":4},"end":{"line":124,"column":91}},"68":{"start":{"line":125,"column":4},"end":{"line":125,"column":65}},"69":{"start":{"line":126,"column":4},"end":{"line":126,"column":41}},"70":{"start":{"line":129,"column":4},"end":{"line":129,"column":20}},"71":{"start":{"line":132,"column":4},"end":{"line":132,"column":22}},"72":{"start":{"line":136,"column":18},"end":{"line":136,"column":40}},"73":{"start":{"line":137,"column":4},"end":{"line":137,"column":37}},"74":{"start":{"line":139,"column":4},"end":{"line":139,"column":17}},"75":{"start":{"line":157,"column":22},"end":{"line":157,"column":54}},"76":{"start":{"line":173,"column":26},"end":{"line":173,"column":62}}},"fnMap":{"0":{"name":"(anonymous_0)","decl":{"start":{"line":13,"column":16},"end":{"line":13,"column":17}},"loc":{"start":{"line":13,"column":23},"end":{"line":22,"column":1}},"line":13},"1":{"name":"(anonymous_1)","decl":{"start":{"line":24,"column":26},"end":{"line":24,"column":27}},"loc":{"start":{"line":24,"column":33},"end":{"line":24,"column":66}},"line":24},"2":{"name":"(anonymous_2)","decl":{"start":{"line":48,"column":2},"end":{"line":48,"column":3}},"loc":{"start":{"line":48,"column":13},"end":{"line":50,"column":3}},"line":48},"3":{"name":"(anonymous_3)","decl":{"start":{"line":52,"column":2},"end":{"line":52,"column":3}},"loc":{"start":{"line":52,"column":29},"end":{"line":112,"column":3}},"line":52},"4":{"name":"(anonymous_4)","decl":{"start":{"line":114,"column":2},"end":{"line":114,"column":3}},"loc":{"start":{"line":114,"column":16},"end":{"line":133,"column":3}},"line":114},"5":{"name":"(anonymous_5)","decl":{"start":{"line":135,"column":2},"end":{"line":135,"column":3}},"loc":{"start":{"line":135,"column":10},"end":{"line":140,"column":3}},"line":135}},"branchMap":{"0":{"loc":{"start":{"line":16,"column":4},"end":{"line":18,"column":5}},"type":"if","locations":[{"start":{"line":16,"column":4},"end":{"line":18,"column":5}},{"start":{"line":16,"column":4},"end":{"line":18,"column":5}}],"line":16},"1":{"loc":{"start":{"line":29,"column":2},"end":{"line":36,"column":3}},"type":"if","locations":[{"start":{"line":29,"column":2},"end":{"line":36,"column":3}},{"start":{"line":29,"column":2},"end":{"line":36,"column":3}}],"line":29},"2":{"loc":{"start":{"line":30,"column":4},"end":{"line":32,"column":5}},"type":"if","locations":[{"start":{"line":30,"column":4},"end":{"line":32,"column":5}},{"start":{"line":30,"column":4},"end":{"line":32,"column":5}}],"line":30},"3":{"loc":{"start":{"line":68,"column":6},"end":{"line":82,"column":7}},"type":"if","locations":[{"start":{"line":68,"column":6},"end":{"line":82,"column":7}},{"start":{"line":68,"column":6},"end":{"line":82,"column":7}}],"line":68}},"s":{"0":1,"1":1,"2":1,"3":310,"4":310,"5":310,"6":1118,"7":246,"8":64,"9":1,"10":72,"11":1,"12":1,"13":1,"14":310,"15":64,"16":8,"17":64,"18":64,"19":310,"20":1,"21":10,"22":20,"23":20,"24":20,"25":20,"26":20,"27":20,"28":20,"29":20,"30":20,"31":20,"32":20,"33":1280,"34":320,"35":960,"36":960,"37":960,"38":960,"39":960,"40":1280,"41":1280,"42":1280,"43":1280,"44":1280,"45":1280,"46":1280,"47":1280,"48":1280,"49":1280,"50":1280,"51":1280,"52":1280,"53":1280,"54":20,"55":20,"56":20,"57":20,"58":20,"59":20,"60":20,"61":20,"62":20,"63":20,"64":20,"65":20,"66":20,"67":20,"68":20,"69":20,"70":20,"71":20,"72":0,"73":0,"74":0,"75":1,"76":1},"f":{"0":310,"1":72,"2":10,"3":20,"4":20,"5":0},"b":{"0":[246,872],"1":[64,246],"2":[8,56],"3":[320,960]},"_coverageSchema":"43e27e138ebf9cfc5966b082cf9a028302ed4184","hash":"88c141be0ff832a334b60cb5c4075510048cf1d5"}
,"F:\\Git_2_Main_Projects\\Hash\\react-native-hash\\JSHash\\lib\\sha3.js": {"path":"F:\\Git_2_Main_Projects\\Hash\\react-native-hash\\JSHash\\lib\\sha3.js","statementMap":{"0":{"start":{"line":10,"column":20},"end":{"line":10,"column":22}},"1":{"start":{"line":11,"column":19},"end":{"line":11,"column":21}},"2":{"start":{"line":12,"column":24},"end":{"line":12,"column":26}},"3":{"start":{"line":16,"column":9},"end":{"line":16,"column":10}},"4":{"start":{"line":17,"column":9},"end":{"line":17,"column":10}},"5":{"start":{"line":18,"column":0},"end":{"line":25,"column":1}},"6":{"start":{"line":18,"column":13},"end":{"line":18,"column":14}},"7":{"start":{"line":19,"column":2},"end":{"line":19,"column":58}},"8":{"start":{"line":21,"column":15},"end":{"line":21,"column":21}},"9":{"start":{"line":22,"column":15},"end":{"line":22,"column":36}},"10":{"start":{"line":23,"column":2},"end":{"line":23,"column":12}},"11":{"start":{"line":24,"column":2},"end":{"line":24,"column":12}},"12":{"start":{"line":28,"column":0},"end":{"line":32,"column":1}},"13":{"start":{"line":28,"column":13},"end":{"line":28,"column":14}},"14":{"start":{"line":29,"column":2},"end":{"line":31,"column":3}},"15":{"start":{"line":29,"column":15},"end":{"line":29,"column":16}},"16":{"start":{"line":30,"column":4},"end":{"line":30,"column":58}},"17":{"start":{"line":35,"column":11},"end":{"line":35,"column":15}},"18":{"start":{"line":36,"column":0},"end":{"line":60,"column":1}},"19":{"start":{"line":36,"column":13},"end":{"line":36,"column":14}},"20":{"start":{"line":37,"column":25},"end":{"line":37,"column":26}},"21":{"start":{"line":38,"column":25},"end":{"line":38,"column":26}},"22":{"start":{"line":40,"column":2},"end":{"line":57,"column":3}},"23":{"start":{"line":40,"column":15},"end":{"line":40,"column":16}},"24":{"start":{"line":41,"column":4},"end":{"line":48,"column":5}},"25":{"start":{"line":42,"column":26},"end":{"line":42,"column":38}},"26":{"start":{"line":43,"column":6},"end":{"line":47,"column":7}},"27":{"start":{"line":44,"column":8},"end":{"line":44,"column":45}},"28":{"start":{"line":46,"column":8},"end":{"line":46,"column":52}},"29":{"start":{"line":51,"column":4},"end":{"line":56,"column":5}},"30":{"start":{"line":53,"column":6},"end":{"line":53,"column":32}},"31":{"start":{"line":55,"column":6},"end":{"line":55,"column":17}},"32":{"start":{"line":59,"column":2},"end":{"line":59,"column":74}},"33":{"start":{"line":63,"column":10},"end":{"line":63,"column":12}},"34":{"start":{"line":64,"column":0},"end":{"line":66,"column":1}},"35":{"start":{"line":64,"column":13},"end":{"line":64,"column":14}},"36":{"start":{"line":65,"column":2},"end":{"line":65,"column":26}},"37":{"start":{"line":81,"column":4},"end":{"line":84,"column":7}},"38":{"start":{"line":88,"column":4},"end":{"line":88,"column":21}},"39":{"start":{"line":89,"column":18},"end":{"line":89,"column":29}},"40":{"start":{"line":90,"column":4},"end":{"line":92,"column":5}},"41":{"start":{"line":90,"column":17},"end":{"line":90,"column":18}},"42":{"start":{"line":91,"column":6},"end":{"line":91,"column":31}},"43":{"start":{"line":94,"column":4},"end":{"line":94,"column":61}},"44":{"start":{"line":99,"column":18},"end":{"line":99,"column":29}},"45":{"start":{"line":100,"column":28},"end":{"line":100,"column":46}},"46":{"start":{"line":103,"column":4},"end":{"line":118,"column":5}},"47":{"start":{"line":103,"column":17},"end":{"line":103,"column":18}},"48":{"start":{"line":105,"column":16},"end":{"line":105,"column":33}},"49":{"start":{"line":106,"column":17},"end":{"line":106,"column":38}},"50":{"start":{"line":109,"column":6},"end":{"line":110,"column":53}},"51":{"start":{"line":111,"column":6},"end":{"line":112,"column":55}},"52":{"start":{"line":115,"column":19},"end":{"line":115,"column":27}},"53":{"start":{"line":116,"column":6},"end":{"line":116,"column":24}},"54":{"start":{"line":117,"column":6},"end":{"line":117,"column":22}},"55":{"start":{"line":121,"column":4},"end":{"line":208,"column":5}},"56":{"start":{"line":121,"column":21},"end":{"line":121,"column":22}},"57":{"start":{"line":123,"column":6},"end":{"line":137,"column":7}},"58":{"start":{"line":123,"column":19},"end":{"line":123,"column":20}},"59":{"start":{"line":125,"column":19},"end":{"line":125,"column":20}},"60":{"start":{"line":126,"column":19},"end":{"line":126,"column":20}},"61":{"start":{"line":127,"column":8},"end":{"line":131,"column":9}},"62":{"start":{"line":127,"column":21},"end":{"line":127,"column":22}},"63":{"start":{"line":128,"column":23},"end":{"line":128,"column":39}},"64":{"start":{"line":129,"column":10},"end":{"line":129,"column":28}},"65":{"start":{"line":130,"column":10},"end":{"line":130,"column":27}},"66":{"start":{"line":134,"column":19},"end":{"line":134,"column":23}},"67":{"start":{"line":135,"column":8},"end":{"line":135,"column":23}},"68":{"start":{"line":136,"column":8},"end":{"line":136,"column":22}},"69":{"start":{"line":138,"column":6},"end":{"line":153,"column":7}},"70":{"start":{"line":138,"column":19},"end":{"line":138,"column":20}},"71":{"start":{"line":140,"column":20},"end":{"line":140,"column":34}},"72":{"start":{"line":141,"column":20},"end":{"line":141,"column":34}},"73":{"start":{"line":142,"column":23},"end":{"line":142,"column":31}},"74":{"start":{"line":143,"column":23},"end":{"line":143,"column":30}},"75":{"start":{"line":146,"column":21},"end":{"line":146,"column":65}},"76":{"start":{"line":147,"column":21},"end":{"line":147,"column":64}},"77":{"start":{"line":148,"column":8},"end":{"line":152,"column":9}},"78":{"start":{"line":148,"column":21},"end":{"line":148,"column":22}},"79":{"start":{"line":149,"column":23},"end":{"line":149,"column":39}},"80":{"start":{"line":150,"column":10},"end":{"line":150,"column":28}},"81":{"start":{"line":151,"column":10},"end":{"line":151,"column":27}},"82":{"start":{"line":156,"column":6},"end":{"line":179,"column":7}},"83":{"start":{"line":156,"column":27},"end":{"line":156,"column":28}},"84":{"start":{"line":161,"column":21},"end":{"line":161,"column":37}},"85":{"start":{"line":162,"column":24},"end":{"line":162,"column":33}},"86":{"start":{"line":163,"column":24},"end":{"line":163,"column":32}},"87":{"start":{"line":164,"column":26},"end":{"line":164,"column":48}},"88":{"start":{"line":167,"column":8},"end":{"line":173,"column":9}},"89":{"start":{"line":168,"column":10},"end":{"line":168,"column":73}},"90":{"start":{"line":169,"column":10},"end":{"line":169,"column":73}},"91":{"start":{"line":171,"column":10},"end":{"line":171,"column":80}},"92":{"start":{"line":172,"column":10},"end":{"line":172,"column":80}},"93":{"start":{"line":176,"column":24},"end":{"line":176,"column":48}},"94":{"start":{"line":177,"column":8},"end":{"line":177,"column":28}},"95":{"start":{"line":178,"column":8},"end":{"line":178,"column":27}},"96":{"start":{"line":182,"column":17},"end":{"line":182,"column":21}},"97":{"start":{"line":183,"column":21},"end":{"line":183,"column":29}},"98":{"start":{"line":184,"column":6},"end":{"line":184,"column":28}},"99":{"start":{"line":185,"column":6},"end":{"line":185,"column":26}},"100":{"start":{"line":188,"column":6},"end":{"line":201,"column":7}},"101":{"start":{"line":188,"column":19},"end":{"line":188,"column":20}},"102":{"start":{"line":189,"column":8},"end":{"line":200,"column":9}},"103":{"start":{"line":189,"column":21},"end":{"line":189,"column":22}},"104":{"start":{"line":191,"column":28},"end":{"line":191,"column":37}},"105":{"start":{"line":192,"column":23},"end":{"line":192,"column":39}},"106":{"start":{"line":193,"column":24},"end":{"line":193,"column":36}},"107":{"start":{"line":194,"column":26},"end":{"line":194,"column":50}},"108":{"start":{"line":195,"column":26},"end":{"line":195,"column":50}},"109":{"start":{"line":198,"column":10},"end":{"line":198,"column":66}},"110":{"start":{"line":199,"column":10},"end":{"line":199,"column":62}},"111":{"start":{"line":204,"column":19},"end":{"line":204,"column":27}},"112":{"start":{"line":205,"column":28},"end":{"line":205,"column":50}},"113":{"start":{"line":206,"column":6},"end":{"line":206,"column":38}},"114":{"start":{"line":207,"column":6},"end":{"line":207,"column":36}},"115":{"start":{"line":213,"column":17},"end":{"line":213,"column":27}},"116":{"start":{"line":214,"column":22},"end":{"line":214,"column":32}},"117":{"start":{"line":215,"column":22},"end":{"line":215,"column":39}},"118":{"start":{"line":216,"column":26},"end":{"line":216,"column":45}},"119":{"start":{"line":219,"column":4},"end":{"line":219,"column":65}},"120":{"start":{"line":220,"column":4},"end":{"line":220,"column":96}},"121":{"start":{"line":221,"column":4},"end":{"line":221,"column":41}},"122":{"start":{"line":224,"column":4},"end":{"line":224,"column":20}},"123":{"start":{"line":227,"column":18},"end":{"line":227,"column":29}},"124":{"start":{"line":228,"column":30},"end":{"line":228,"column":55}},"125":{"start":{"line":229,"column":30},"end":{"line":229,"column":51}},"126":{"start":{"line":232,"column":22},"end":{"line":232,"column":24}},"127":{"start":{"line":233,"column":4},"end":{"line":248,"column":5}},"128":{"start":{"line":233,"column":17},"end":{"line":233,"column":18}},"129":{"start":{"line":235,"column":19},"end":{"line":235,"column":27}},"130":{"start":{"line":236,"column":20},"end":{"line":236,"column":29}},"131":{"start":{"line":237,"column":20},"end":{"line":237,"column":28}},"132":{"start":{"line":240,"column":6},"end":{"line":241,"column":61}},"133":{"start":{"line":242,"column":6},"end":{"line":243,"column":61}},"134":{"start":{"line":246,"column":6},"end":{"line":246,"column":30}},"135":{"start":{"line":247,"column":6},"end":{"line":247,"column":30}},"136":{"start":{"line":251,"column":4},"end":{"line":251,"column":55}},"137":{"start":{"line":255,"column":18},"end":{"line":255,"column":40}},"138":{"start":{"line":257,"column":4},"end":{"line":257,"column":40}},"139":{"start":{"line":258,"column":18},"end":{"line":258,"column":30}},"140":{"start":{"line":259,"column":4},"end":{"line":261,"column":5}},"141":{"start":{"line":259,"column":17},"end":{"line":259,"column":18}},"142":{"start":{"line":260,"column":6},"end":{"line":260,"column":34}},"143":{"start":{"line":263,"column":4},"end":{"line":263,"column":17}},"144":{"start":{"line":281,"column":20},"end":{"line":281,"column":50}},"145":{"start":{"line":297,"column":24},"end":{"line":297,"column":58}}},"fnMap":{"0":{"name":"(anonymous_0)","decl":{"start":{"line":72,"column":2},"end":{"line":72,"column":3}},"loc":{"start":{"line":72,"column":19},"end":{"line":85,"column":3}},"line":72},"1":{"name":"(anonymous_1)","decl":{"start":{"line":87,"column":2},"end":{"line":87,"column":3}},"loc":{"start":{"line":87,"column":13},"end":{"line":95,"column":3}},"line":87},"2":{"name":"(anonymous_2)","decl":{"start":{"line":97,"column":2},"end":{"line":97,"column":3}},"loc":{"start":{"line":97,"column":29},"end":{"line":209,"column":3}},"line":97},"3":{"name":"(anonymous_3)","decl":{"start":{"line":211,"column":2},"end":{"line":211,"column":3}},"loc":{"start":{"line":211,"column":16},"end":{"line":252,"column":3}},"line":211},"4":{"name":"(anonymous_4)","decl":{"start":{"line":254,"column":2},"end":{"line":254,"column":3}},"loc":{"start":{"line":254,"column":10},"end":{"line":264,"column":3}},"line":254}},"branchMap":{"0":{"loc":{"start":{"line":41,"column":4},"end":{"line":48,"column":5}},"type":"if","locations":[{"start":{"line":41,"column":4},"end":{"line":48,"column":5}},{"start":{"line":41,"column":4},"end":{"line":48,"column":5}}],"line":41},"1":{"loc":{"start":{"line":43,"column":6},"end":{"line":47,"column":7}},"type":"if","locations":[{"start":{"line":43,"column":6},"end":{"line":47,"column":7}},{"start":{"line":43,"column":6},"end":{"line":47,"column":7}}],"line":43},"2":{"loc":{"start":{"line":51,"column":4},"end":{"line":56,"column":5}},"type":"if","locations":[{"start":{"line":51,"column":4},"end":{"line":56,"column":5}},{"start":{"line":51,"column":4},"end":{"line":56,"column":5}}],"line":51},"3":{"loc":{"start":{"line":167,"column":8},"end":{"line":173,"column":9}},"type":"if","locations":[{"start":{"line":167,"column":8},"end":{"line":173,"column":9}},{"start":{"line":167,"column":8},"end":{"line":173,"column":9}}],"line":167}},"s":{"0":1,"1":1,"2":1,"3":1,"4":1,"5":1,"6":1,"7":24,"8":24,"9":24,"10":24,"11":24,"12":1,"13":1,"14":5,"15":5,"16":25,"17":1,"18":1,"19":1,"20":24,"21":24,"22":24,"23":24,"24":168,"25":86,"26":86,"27":73,"28":13,"29":168,"30":85,"31":83,"32":24,"33":1,"34":1,"35":1,"36":25,"37":1,"38":1,"39":1,"40":1,"41":1,"42":25,"43":1,"44":1,"45":1,"46":1,"47":1,"48":9,"49":9,"50":9,"51":9,"52":9,"53":9,"54":9,"55":1,"56":1,"57":24,"58":24,"59":120,"60":120,"61":120,"62":120,"63":600,"64":600,"65":600,"66":120,"67":120,"68":120,"69":24,"70":24,"71":120,"72":120,"73":120,"74":120,"75":120,"76":120,"77":120,"78":120,"79":600,"80":600,"81":600,"82":24,"83":24,"84":576,"85":576,"86":576,"87":576,"88":576,"89":336,"90":336,"91":240,"92":240,"93":576,"94":576,"95":576,"96":24,"97":24,"98":24,"99":24,"100":24,"101":24,"102":120,"103":120,"104":600,"105":600,"106":600,"107":600,"108":600,"109":600,"110":600,"111":24,"112":24,"113":24,"114":24,"115":1,"116":1,"117":1,"118":1,"119":1,"120":1,"121":1,"122":1,"123":1,"124":1,"125":1,"126":1,"127":1,"128":1,"129":8,"130":8,"131":8,"132":8,"133":8,"134":8,"135":8,"136":1,"137":0,"138":0,"139":0,"140":0,"141":0,"142":0,"143":0,"144":1,"145":1},"f":{"0":1,"1":1,"2":1,"3":1,"4":0},"b":{"0":[86,82],"1":[73,13],"2":[85,83],"3":[336,240]},"_coverageSchema":"43e27e138ebf9cfc5966b082cf9a028302ed4184","hash":"d91c5fb1dfdc7602d0136a90d25aba6b7a27c0da"}
,"F:\\Git_2_Main_Projects\\Hash\\react-native-hash\\JSHash\\lib\\sha384.js": {"path":"F:\\Git_2_Main_Projects\\Hash\\react-native-hash\\JSHash\\lib\\sha384.js","statementMap":{"0":{"start":{"line":14,"column":4},"end":{"line":23,"column":7}},"1":{"start":{"line":27,"column":17},"end":{"line":27,"column":45}},"2":{"start":{"line":29,"column":4},"end":{"line":29,"column":24}},"3":{"start":{"line":31,"column":4},"end":{"line":31,"column":16}},"4":{"start":{"line":49,"column":22},"end":{"line":49,"column":58}},"5":{"start":{"line":65,"column":26},"end":{"line":65,"column":66}}},"fnMap":{"0":{"name":"(anonymous_0)","decl":{"start":{"line":13,"column":2},"end":{"line":13,"column":3}},"loc":{"start":{"line":13,"column":13},"end":{"line":24,"column":3}},"line":13},"1":{"name":"(anonymous_1)","decl":{"start":{"line":26,"column":2},"end":{"line":26,"column":3}},"loc":{"start":{"line":26,"column":16},"end":{"line":32,"column":3}},"line":26}},"branchMap":{},"s":{"0":10,"1":10,"2":10,"3":10,"4":1,"5":1},"f":{"0":10,"1":10},"b":{},"_coverageSchema":"43e27e138ebf9cfc5966b082cf9a028302ed4184","hash":"a45590761918efedd1278b04d7233a60f3be4df8"}
,"F:\\Git_2_Main_Projects\\Hash\\react-native-hash\\JSHash\\lib\\sha512.js": {"path":"F:\\Git_2_Main_Projects\\Hash\\react-native-hash\\JSHash\\lib\\sha512.js","statementMap":{"0":{"start":{"line":9,"column":10},"end":{"line":90,"column":1}},"1":{"start":{"line":93,"column":10},"end":{"line":93,"column":12}},"2":{"start":{"line":94,"column":0},"end":{"line":96,"column":1}},"3":{"start":{"line":94,"column":13},"end":{"line":94,"column":14}},"4":{"start":{"line":95,"column":2},"end":{"line":95,"column":23}},"5":{"start":{"line":103,"column":4},"end":{"line":103,"column":12}},"6":{"start":{"line":105,"column":4},"end":{"line":105,"column":31}},"7":{"start":{"line":109,"column":4},"end":{"line":118,"column":7}},"8":{"start":{"line":123,"column":14},"end":{"line":123,"column":30}},"9":{"start":{"line":125,"column":15},"end":{"line":125,"column":19}},"10":{"start":{"line":126,"column":15},"end":{"line":126,"column":19}},"11":{"start":{"line":127,"column":15},"end":{"line":127,"column":19}},"12":{"start":{"line":128,"column":15},"end":{"line":128,"column":19}},"13":{"start":{"line":129,"column":15},"end":{"line":129,"column":19}},"14":{"start":{"line":130,"column":15},"end":{"line":130,"column":19}},"15":{"start":{"line":131,"column":15},"end":{"line":131,"column":19}},"16":{"start":{"line":132,"column":15},"end":{"line":132,"column":19}},"17":{"start":{"line":134,"column":16},"end":{"line":134,"column":23}},"18":{"start":{"line":135,"column":14},"end":{"line":135,"column":20}},"19":{"start":{"line":136,"column":16},"end":{"line":136,"column":23}},"20":{"start":{"line":137,"column":14},"end":{"line":137,"column":20}},"21":{"start":{"line":138,"column":16},"end":{"line":138,"column":23}},"22":{"start":{"line":139,"column":14},"end":{"line":139,"column":20}},"23":{"start":{"line":140,"column":16},"end":{"line":140,"column":23}},"24":{"start":{"line":141,"column":14},"end":{"line":141,"column":20}},"25":{"start":{"line":142,"column":16},"end":{"line":142,"column":23}},"26":{"start":{"line":143,"column":14},"end":{"line":143,"column":20}},"27":{"start":{"line":144,"column":16},"end":{"line":144,"column":23}},"28":{"start":{"line":145,"column":14},"end":{"line":145,"column":20}},"29":{"start":{"line":146,"column":16},"end":{"line":146,"column":23}},"30":{"start":{"line":147,"column":14},"end":{"line":147,"column":20}},"31":{"start":{"line":148,"column":16},"end":{"line":148,"column":23}},"32":{"start":{"line":149,"column":14},"end":{"line":149,"column":20}},"33":{"start":{"line":152,"column":13},"end":{"line":152,"column":16}},"34":{"start":{"line":153,"column":13},"end":{"line":153,"column":16}},"35":{"start":{"line":154,"column":13},"end":{"line":154,"column":16}},"36":{"start":{"line":155,"column":13},"end":{"line":155,"column":16}},"37":{"start":{"line":156,"column":13},"end":{"line":156,"column":16}},"38":{"start":{"line":157,"column":13},"end":{"line":157,"column":16}},"39":{"start":{"line":158,"column":13},"end":{"line":158,"column":16}},"40":{"start":{"line":159,"column":13},"end":{"line":159,"column":16}},"41":{"start":{"line":160,"column":13},"end":{"line":160,"column":16}},"42":{"start":{"line":161,"column":13},"end":{"line":161,"column":16}},"43":{"start":{"line":162,"column":13},"end":{"line":162,"column":16}},"44":{"start":{"line":163,"column":13},"end":{"line":163,"column":16}},"45":{"start":{"line":164,"column":13},"end":{"line":164,"column":16}},"46":{"start":{"line":165,"column":13},"end":{"line":165,"column":16}},"47":{"start":{"line":166,"column":13},"end":{"line":166,"column":16}},"48":{"start":{"line":167,"column":13},"end":{"line":167,"column":16}},"49":{"start":{"line":170,"column":4},"end":{"line":279,"column":5}},"50":{"start":{"line":170,"column":17},"end":{"line":170,"column":18}},"51":{"start":{"line":175,"column":17},"end":{"line":175,"column":21}},"52":{"start":{"line":178,"column":6},"end":{"line":224,"column":7}},"53":{"start":{"line":179,"column":8},"end":{"line":179,"column":40}},"54":{"start":{"line":180,"column":8},"end":{"line":180,"column":22}},"55":{"start":{"line":181,"column":8},"end":{"line":181,"column":43}},"56":{"start":{"line":182,"column":8},"end":{"line":182,"column":21}},"57":{"start":{"line":185,"column":24},"end":{"line":185,"column":33}},"58":{"start":{"line":186,"column":25},"end":{"line":186,"column":37}},"59":{"start":{"line":187,"column":25},"end":{"line":187,"column":36}},"60":{"start":{"line":188,"column":24},"end":{"line":190,"column":28}},"61":{"start":{"line":191,"column":24},"end":{"line":193,"column":49}},"62":{"start":{"line":196,"column":24},"end":{"line":196,"column":32}},"63":{"start":{"line":197,"column":25},"end":{"line":197,"column":37}},"64":{"start":{"line":198,"column":25},"end":{"line":198,"column":36}},"65":{"start":{"line":199,"column":24},"end":{"line":201,"column":28}},"66":{"start":{"line":202,"column":24},"end":{"line":204,"column":49}},"67":{"start":{"line":207,"column":20},"end":{"line":207,"column":28}},"68":{"start":{"line":208,"column":21},"end":{"line":208,"column":29}},"69":{"start":{"line":209,"column":21},"end":{"line":209,"column":28}},"70":{"start":{"line":211,"column":21},"end":{"line":211,"column":30}},"71":{"start":{"line":212,"column":22},"end":{"line":212,"column":31}},"72":{"start":{"line":213,"column":22},"end":{"line":213,"column":30}},"73":{"start":{"line":215,"column":8},"end":{"line":215,"column":29}},"74":{"start":{"line":216,"column":8},"end":{"line":216,"column":71}},"75":{"start":{"line":217,"column":8},"end":{"line":217,"column":23}},"76":{"start":{"line":218,"column":8},"end":{"line":218,"column":70}},"77":{"start":{"line":219,"column":8},"end":{"line":219,"column":21}},"78":{"start":{"line":220,"column":8},"end":{"line":220,"column":66}},"79":{"start":{"line":222,"column":8},"end":{"line":222,"column":22}},"80":{"start":{"line":223,"column":8},"end":{"line":223,"column":21}},"81":{"start":{"line":226,"column":18},"end":{"line":226,"column":40}},"82":{"start":{"line":227,"column":18},"end":{"line":227,"column":40}},"83":{"start":{"line":228,"column":19},"end":{"line":228,"column":52}},"84":{"start":{"line":229,"column":19},"end":{"line":229,"column":52}},"85":{"start":{"line":231,"column":22},"end":{"line":233,"column":35}},"86":{"start":{"line":234,"column":22},"end":{"line":236,"column":35}},"87":{"start":{"line":237,"column":22},"end":{"line":239,"column":35}},"88":{"start":{"line":240,"column":22},"end":{"line":242,"column":35}},"89":{"start":{"line":245,"column":17},"end":{"line":245,"column":21}},"90":{"start":{"line":246,"column":18},"end":{"line":246,"column":25}},"91":{"start":{"line":247,"column":18},"end":{"line":247,"column":24}},"92":{"start":{"line":249,"column":16},"end":{"line":249,"column":28}},"93":{"start":{"line":250,"column":16},"end":{"line":250,"column":65}},"94":{"start":{"line":251,"column":6},"end":{"line":251,"column":17}},"95":{"start":{"line":252,"column":6},"end":{"line":252,"column":60}},"96":{"start":{"line":253,"column":6},"end":{"line":253,"column":17}},"97":{"start":{"line":254,"column":6},"end":{"line":254,"column":60}},"98":{"start":{"line":255,"column":6},"end":{"line":255,"column":17}},"99":{"start":{"line":256,"column":6},"end":{"line":256,"column":60}},"100":{"start":{"line":259,"column":18},"end":{"line":259,"column":32}},"101":{"start":{"line":260,"column":18},"end":{"line":260,"column":74}},"102":{"start":{"line":263,"column":6},"end":{"line":263,"column":14}},"103":{"start":{"line":264,"column":6},"end":{"line":264,"column":14}},"104":{"start":{"line":265,"column":6},"end":{"line":265,"column":14}},"105":{"start":{"line":266,"column":6},"end":{"line":266,"column":14}},"106":{"start":{"line":267,"column":6},"end":{"line":267,"column":14}},"107":{"start":{"line":268,"column":6},"end":{"line":268,"column":14}},"108":{"start":{"line":269,"column":6},"end":{"line":269,"column":26}},"109":{"start":{"line":270,"column":6},"end":{"line":270,"column":62}},"110":{"start":{"line":271,"column":6},"end":{"line":271,"column":14}},"111":{"start":{"line":272,"column":6},"end":{"line":272,"column":14}},"112":{"start":{"line":273,"column":6},"end":{"line":273,"column":14}},"113":{"start":{"line":274,"column":6},"end":{"line":274,"column":14}},"114":{"start":{"line":275,"column":6},"end":{"line":275,"column":14}},"115":{"start":{"line":276,"column":6},"end":{"line":276,"column":14}},"116":{"start":{"line":277,"column":6},"end":{"line":277,"column":27}},"117":{"start":{"line":278,"column":6},"end":{"line":278,"column":64}},"118":{"start":{"line":282,"column":4},"end":{"line":282,"column":24}},"119":{"start":{"line":283,"column":4},"end":{"line":283,"column":17}},"120":{"start":{"line":284,"column":4},"end":{"line":284,"column":62}},"121":{"start":{"line":285,"column":4},"end":{"line":285,"column":24}},"122":{"start":{"line":286,"column":4},"end":{"line":286,"column":17}},"123":{"start":{"line":287,"column":4},"end":{"line":287,"column":62}},"124":{"start":{"line":288,"column":4},"end":{"line":288,"column":24}},"125":{"start":{"line":289,"column":4},"end":{"line":289,"column":17}},"126":{"start":{"line":290,"column":4},"end":{"line":290,"column":62}},"127":{"start":{"line":291,"column":4},"end":{"line":291,"column":24}},"128":{"start":{"line":292,"column":4},"end":{"line":292,"column":17}},"129":{"start":{"line":293,"column":4},"end":{"line":293,"column":62}},"130":{"start":{"line":294,"column":4},"end":{"line":294,"column":24}},"131":{"start":{"line":295,"column":4},"end":{"line":295,"column":17}},"132":{"start":{"line":296,"column":4},"end":{"line":296,"column":62}},"133":{"start":{"line":297,"column":4},"end":{"line":297,"column":24}},"134":{"start":{"line":298,"column":4},"end":{"line":298,"column":17}},"135":{"start":{"line":299,"column":4},"end":{"line":299,"column":62}},"136":{"start":{"line":300,"column":4},"end":{"line":300,"column":24}},"137":{"start":{"line":301,"column":4},"end":{"line":301,"column":17}},"138":{"start":{"line":302,"column":4},"end":{"line":302,"column":62}},"139":{"start":{"line":303,"column":4},"end":{"line":303,"column":24}},"140":{"start":{"line":304,"column":4},"end":{"line":304,"column":17}},"141":{"start":{"line":305,"column":4},"end":{"line":305,"column":62}},"142":{"start":{"line":310,"column":17},"end":{"line":310,"column":27}},"143":{"start":{"line":311,"column":22},"end":{"line":311,"column":32}},"144":{"start":{"line":313,"column":23},"end":{"line":313,"column":43}},"145":{"start":{"line":314,"column":22},"end":{"line":314,"column":39}},"146":{"start":{"line":317,"column":4},"end":{"line":317,"column":66}},"147":{"start":{"line":318,"column":4},"end":{"line":318,"column":93}},"148":{"start":{"line":319,"column":4},"end":{"line":319,"column":67}},"149":{"start":{"line":320,"column":4},"end":{"line":320,"column":41}},"150":{"start":{"line":323,"column":4},"end":{"line":323,"column":20}},"151":{"start":{"line":326,"column":17},"end":{"line":326,"column":35}},"152":{"start":{"line":329,"column":4},"end":{"line":329,"column":16}},"153":{"start":{"line":333,"column":18},"end":{"line":333,"column":40}},"154":{"start":{"line":334,"column":4},"end":{"line":334,"column":37}},"155":{"start":{"line":336,"column":4},"end":{"line":336,"column":17}},"156":{"start":{"line":354,"column":22},"end":{"line":354,"column":54}},"157":{"start":{"line":370,"column":26},"end":{"line":370,"column":62}}},"fnMap":{"0":{"name":"(anonymous_0)","decl":{"start":{"line":102,"column":2},"end":{"line":102,"column":3}},"loc":{"start":{"line":102,"column":16},"end":{"line":106,"column":3}},"line":102},"1":{"name":"(anonymous_1)","decl":{"start":{"line":108,"column":2},"end":{"line":108,"column":3}},"loc":{"start":{"line":108,"column":13},"end":{"line":119,"column":3}},"line":108},"2":{"name":"(anonymous_2)","decl":{"start":{"line":121,"column":2},"end":{"line":121,"column":3}},"loc":{"start":{"line":121,"column":29},"end":{"line":306,"column":3}},"line":121},"3":{"name":"(anonymous_3)","decl":{"start":{"line":308,"column":2},"end":{"line":308,"column":3}},"loc":{"start":{"line":308,"column":16},"end":{"line":330,"column":3}},"line":308},"4":{"name":"(anonymous_4)","decl":{"start":{"line":332,"column":2},"end":{"line":332,"column":3}},"loc":{"start":{"line":332,"column":10},"end":{"line":337,"column":3}},"line":332}},"branchMap":{"0":{"loc":{"start":{"line":178,"column":6},"end":{"line":224,"column":7}},"type":"if","locations":[{"start":{"line":178,"column":6},"end":{"line":224,"column":7}},{"start":{"line":178,"column":6},"end":{"line":224,"column":7}}],"line":178},"1":{"loc":{"start":{"line":216,"column":32},"end":{"line":216,"column":69}},"type":"cond-expr","locations":[{"start":{"line":216,"column":64},"end":{"line":216,"column":65}},{"start":{"line":216,"column":68},"end":{"line":216,"column":69}}],"line":216},"2":{"loc":{"start":{"line":218,"column":31},"end":{"line":218,"column":68}},"type":"cond-expr","locations":[{"start":{"line":218,"column":63},"end":{"line":218,"column":64}},{"start":{"line":218,"column":67},"end":{"line":218,"column":68}}],"line":218},"3":{"loc":{"start":{"line":220,"column":29},"end":{"line":220,"column":64}},"type":"cond-expr","locations":[{"start":{"line":220,"column":59},"end":{"line":220,"column":60}},{"start":{"line":220,"column":63},"end":{"line":220,"column":64}}],"line":220},"4":{"loc":{"start":{"line":250,"column":32},"end":{"line":250,"column":64}},"type":"cond-expr","locations":[{"start":{"line":250,"column":59},"end":{"line":250,"column":60}},{"start":{"line":250,"column":63},"end":{"line":250,"column":64}}],"line":250},"5":{"loc":{"start":{"line":252,"column":25},"end":{"line":252,"column":58}},"type":"cond-expr","locations":[{"start":{"line":252,"column":53},"end":{"line":252,"column":54}},{"start":{"line":252,"column":57},"end":{"line":252,"column":58}}],"line":252},"6":{"loc":{"start":{"line":254,"column":25},"end":{"line":254,"column":58}},"type":"cond-expr","locations":[{"start":{"line":254,"column":53},"end":{"line":254,"column":54}},{"start":{"line":254,"column":57},"end":{"line":254,"column":58}}],"line":254},"7":{"loc":{"start":{"line":256,"column":25},"end":{"line":256,"column":58}},"type":"cond-expr","locations":[{"start":{"line":256,"column":53},"end":{"line":256,"column":54}},{"start":{"line":256,"column":57},"end":{"line":256,"column":58}}],"line":256},"8":{"loc":{"start":{"line":260,"column":36},"end":{"line":260,"column":73}},"type":"cond-expr","locations":[{"start":{"line":260,"column":68},"end":{"line":260,"column":69}},{"start":{"line":260,"column":72},"end":{"line":260,"column":73}}],"line":260},"9":{"loc":{"start":{"line":270,"column":24},"end":{"line":270,"column":55}},"type":"cond-expr","locations":[{"start":{"line":270,"column":50},"end":{"line":270,"column":51}},{"start":{"line":270,"column":54},"end":{"line":270,"column":55}}],"line":270},"10":{"loc":{"start":{"line":278,"column":25},"end":{"line":278,"column":57}},"type":"cond-expr","locations":[{"start":{"line":278,"column":52},"end":{"line":278,"column":53}},{"start":{"line":278,"column":56},"end":{"line":278,"column":57}}],"line":278},"11":{"loc":{"start":{"line":284,"column":27},"end":{"line":284,"column":59}},"type":"cond-expr","locations":[{"start":{"line":284,"column":54},"end":{"line":284,"column":55}},{"start":{"line":284,"column":58},"end":{"line":284,"column":59}}],"line":284},"12":{"loc":{"start":{"line":287,"column":27},"end":{"line":287,"column":59}},"type":"cond-expr","locations":[{"start":{"line":287,"column":54},"end":{"line":287,"column":55}},{"start":{"line":287,"column":58},"end":{"line":287,"column":59}}],"line":287},"13":{"loc":{"start":{"line":290,"column":27},"end":{"line":290,"column":59}},"type":"cond-expr","locations":[{"start":{"line":290,"column":54},"end":{"line":290,"column":55}},{"start":{"line":290,"column":58},"end":{"line":290,"column":59}}],"line":290},"14":{"loc":{"start":{"line":293,"column":27},"end":{"line":293,"column":59}},"type":"cond-expr","locations":[{"start":{"line":293,"column":54},"end":{"line":293,"column":55}},{"start":{"line":293,"column":58},"end":{"line":293,"column":59}}],"line":293},"15":{"loc":{"start":{"line":296,"column":27},"end":{"line":296,"column":59}},"type":"cond-expr","locations":[{"start":{"line":296,"column":54},"end":{"line":296,"column":55}},{"start":{"line":296,"column":58},"end":{"line":296,"column":59}}],"line":296},"16":{"loc":{"start":{"line":299,"column":27},"end":{"line":299,"column":59}},"type":"cond-expr","locations":[{"start":{"line":299,"column":54},"end":{"line":299,"column":55}},{"start":{"line":299,"column":58},"end":{"line":299,"column":59}}],"line":299},"17":{"loc":{"start":{"line":302,"column":27},"end":{"line":302,"column":59}},"type":"cond-expr","locations":[{"start":{"line":302,"column":54},"end":{"line":302,"column":55}},{"start":{"line":302,"column":58},"end":{"line":302,"column":59}}],"line":302},"18":{"loc":{"start":{"line":305,"column":27},"end":{"line":305,"column":59}},"type":"cond-expr","locations":[{"start":{"line":305,"column":54},"end":{"line":305,"column":55}},{"start":{"line":305,"column":58},"end":{"line":305,"column":59}}],"line":305}},"s":{"0":1,"1":1,"2":1,"3":1,"4":80,"5":20,"6":20,"7":10,"8":20,"9":20,"10":20,"11":20,"12":20,"13":20,"14":20,"15":20,"16":20,"17":20,"18":20,"19":20,"20":20,"21":20,"22":20,"23":20,"24":20,"25":20,"26":20,"27":20,"28":20,"29":20,"30":20,"31":20,"32":20,"33":20,"34":20,"35":20,"36":20,"37":20,"38":20,"39":20,"40":20,"41":20,"42":20,"43":20,"44":20,"45":20,"46":20,"47":20,"48":20,"49":20,"50":20,"51":1600,"52":1600,"53":320,"54":320,"55":320,"56":320,"57":1280,"58":1280,"59":1280,"60":1280,"61":1280,"62":1280,"63":1280,"64":1280,"65":1280,"66":1280,"67":1280,"68":1280,"69":1280,"70":1280,"71":1280,"72":1280,"73":1280,"74":1280,"75":1280,"76":1280,"77":1280,"78":1280,"79":1280,"80":1280,"81":1600,"82":1600,"83":1600,"84":1600,"85":1600,"86":1600,"87":1600,"88":1600,"89":1600,"90":1600,"91":1600,"92":1600,"93":1600,"94":1600,"95":1600,"96":1600,"97":1600,"98":1600,"99":1600,"100":1600,"101":1600,"102":1600,"103":1600,"104":1600,"105":1600,"106":1600,"107":1600,"108":1600,"109":1600,"110":1600,"111":1600,"112":1600,"113":1600,"114":1600,"115":1600,"116":1600,"117":1600,"118":20,"119":20,"120":20,"121":20,"122":20,"123":20,"124":20,"125":20,"126":20,"127":20,"128":20,"129":20,"130":20,"131":20,"132":20,"133":20,"134":20,"135":20,"136":20,"137":20,"138":20,"139":20,"140":20,"141":20,"142":20,"143":20,"144":20,"145":20,"146":20,"147":20,"148":20,"149":20,"150":20,"151":20,"152":20,"153":0,"154":0,"155":0,"156":1,"157":1},"f":{"0":20,"1":10,"2":20,"3":20,"4":0},"b":{"0":[320,1280],"1":[462,818],"2":[570,710],"3":[496,784],"4":[806,794],"5":[820,780],"6":[825,775],"7":[665,935],"8":[786,814],"9":[790,810],"10":[821,779],"11":[17,3],"12":[5,15],"13":[11,9],"14":[15,5],"15":[15,5],"16":[3,17],"17":[13,7],"18":[12,8]},"_coverageSchema":"43e27e138ebf9cfc5966b082cf9a028302ed4184","hash":"b65375537d6876479a5f12f0c39c20ea0c2678a9"}
,"F:\\Git_2_Main_Projects\\Hash\\react-native-hash\\JSHash\\lib\\core\\Base.js": {"path":"F:\\Git_2_Main_Projects\\Hash\\react-native-hash\\JSHash\\lib\\core\\Base.js","statementMap":{"0":{"start":{"line":17,"column":4},"end":{"line":17,"column":29}},"1":{"start":{"line":32,"column":4},"end":{"line":32,"column":43}},"2":{"start":{"line":45,"column":18},"end":{"line":45,"column":40}},"3":{"start":{"line":46,"column":4},"end":{"line":46,"column":31}},"4":{"start":{"line":47,"column":4},"end":{"line":47,"column":17}}},"fnMap":{"0":{"name":"(anonymous_0)","decl":{"start":{"line":16,"column":2},"end":{"line":16,"column":3}},"loc":{"start":{"line":16,"column":25},"end":{"line":18,"column":3}},"line":16},"1":{"name":"(anonymous_1)","decl":{"start":{"line":31,"column":2},"end":{"line":31,"column":3}},"loc":{"start":{"line":31,"column":20},"end":{"line":33,"column":3}},"line":31},"2":{"name":"(anonymous_2)","decl":{"start":{"line":44,"column":2},"end":{"line":44,"column":3}},"loc":{"start":{"line":44,"column":10},"end":{"line":48,"column":3}},"line":44}},"branchMap":{},"s":{"0":69,"1":0,"2":0,"3":0,"4":0},"f":{"0":69,"1":0,"2":0},"b":{},"_coverageSchema":"43e27e138ebf9cfc5966b082cf9a028302ed4184","hash":"73480494822d5ce09664fae4de9b724b2fccaed5"}
,"F:\\Git_2_Main_Projects\\Hash\\react-native-hash\\JSHash\\lib\\core\\BufferedBlockAlgorithm.js": {"path":"F:\\Git_2_Main_Projects\\Hash\\react-native-hash\\JSHash\\lib\\core\\BufferedBlockAlgorithm.js","statementMap":{"0":{"start":{"line":20,"column":4},"end":{"line":20,"column":12}},"1":{"start":{"line":21,"column":4},"end":{"line":21,"column":28}},"2":{"start":{"line":33,"column":4},"end":{"line":33,"column":33}},"3":{"start":{"line":34,"column":4},"end":{"line":34,"column":25}},"4":{"start":{"line":50,"column":17},"end":{"line":50,"column":21}},"5":{"start":{"line":53,"column":4},"end":{"line":55,"column":5}},"6":{"start":{"line":54,"column":6},"end":{"line":54,"column":34}},"7":{"start":{"line":58,"column":4},"end":{"line":58,"column":30}},"8":{"start":{"line":59,"column":4},"end":{"line":59,"column":40}},"9":{"start":{"line":80,"column":39},"end":{"line":80,"column":43}},"10":{"start":{"line":81,"column":22},"end":{"line":81,"column":32}},"11":{"start":{"line":82,"column":25},"end":{"line":82,"column":38}},"12":{"start":{"line":83,"column":27},"end":{"line":83,"column":40}},"13":{"start":{"line":86,"column":23},"end":{"line":86,"column":52}},"14":{"start":{"line":87,"column":4},"end":{"line":94,"column":5}},"15":{"start":{"line":89,"column":6},"end":{"line":89,"column":45}},"16":{"start":{"line":93,"column":6},"end":{"line":93,"column":75}},"17":{"start":{"line":97,"column":24},"end":{"line":97,"column":48}},"18":{"start":{"line":100,"column":24},"end":{"line":100,"column":63}},"19":{"start":{"line":103,"column":4},"end":{"line":112,"column":5}},"20":{"start":{"line":104,"column":6},"end":{"line":107,"column":7}},"21":{"start":{"line":104,"column":24},"end":{"line":104,"column":25}},"22":{"start":{"line":106,"column":8},"end":{"line":106,"column":48}},"23":{"start":{"line":110,"column":6},"end":{"line":110,"column":56}},"24":{"start":{"line":111,"column":6},"end":{"line":111,"column":35}},"25":{"start":{"line":115,"column":4},"end":{"line":115,"column":54}},"26":{"start":{"line":128,"column":18},"end":{"line":128,"column":40}},"27":{"start":{"line":129,"column":4},"end":{"line":129,"column":37}},"28":{"start":{"line":131,"column":4},"end":{"line":131,"column":17}}},"fnMap":{"0":{"name":"(anonymous_0)","decl":{"start":{"line":19,"column":2},"end":{"line":19,"column":3}},"loc":{"start":{"line":19,"column":16},"end":{"line":22,"column":3}},"line":19},"1":{"name":"(anonymous_1)","decl":{"start":{"line":31,"column":2},"end":{"line":31,"column":3}},"loc":{"start":{"line":31,"column":10},"end":{"line":35,"column":3}},"line":31},"2":{"name":"(anonymous_2)","decl":{"start":{"line":49,"column":2},"end":{"line":49,"column":3}},"loc":{"start":{"line":49,"column":16},"end":{"line":60,"column":3}},"line":49},"3":{"name":"(anonymous_3)","decl":{"start":{"line":76,"column":2},"end":{"line":76,"column":3}},"loc":{"start":{"line":76,"column":20},"end":{"line":116,"column":3}},"line":76},"4":{"name":"(anonymous_4)","decl":{"start":{"line":127,"column":2},"end":{"line":127,"column":3}},"loc":{"start":{"line":127,"column":10},"end":{"line":132,"column":3}},"line":127}},"branchMap":{"0":{"loc":{"start":{"line":53,"column":4},"end":{"line":55,"column":5}},"type":"if","locations":[{"start":{"line":53,"column":4},"end":{"line":55,"column":5}},{"start":{"line":53,"column":4},"end":{"line":55,"column":5}}],"line":53},"1":{"loc":{"start":{"line":87,"column":4},"end":{"line":94,"column":5}},"type":"if","locations":[{"start":{"line":87,"column":4},"end":{"line":94,"column":5}},{"start":{"line":87,"column":4},"end":{"line":94,"column":5}}],"line":87},"2":{"loc":{"start":{"line":103,"column":4},"end":{"line":112,"column":5}},"type":"if","locations":[{"start":{"line":103,"column":4},"end":{"line":112,"column":5}},{"start":{"line":103,"column":4},"end":{"line":112,"column":5}}],"line":103}},"s":{"0":61,"1":61,"2":61,"3":61,"4":61,"5":61,"6":61,"7":61,"8":61,"9":61,"10":61,"11":61,"12":61,"13":61,"14":61,"15":0,"16":61,"17":61,"18":61,"19":61,"20":61,"21":61,"22":61,"23":61,"24":61,"25":61,"26":0,"27":0,"28":0},"f":{"0":61,"1":61,"2":61,"3":61,"4":0},"b":{"0":[61,0],"1":[0,61],"2":[61,0]},"_coverageSchema":"43e27e138ebf9cfc5966b082cf9a028302ed4184","hash":"47e98610660c934ac10bd0516f22da4a41c97051"}
,"F:\\Git_2_Main_Projects\\Hash\\react-native-hash\\JSHash\\lib\\core\\CipherParams.js": {"path":"F:\\Git_2_Main_Projects\\Hash\\react-native-hash\\JSHash\\lib\\core\\CipherParams.js","statementMap":{"0":{"start":{"line":41,"column":4},"end":{"line":41,"column":12}},"1":{"start":{"line":43,"column":4},"end":{"line":43,"column":29}},"2":{"start":{"line":62,"column":4},"end":{"line":62,"column":57}}},"fnMap":{"0":{"name":"(anonymous_0)","decl":{"start":{"line":40,"column":2},"end":{"line":40,"column":3}},"loc":{"start":{"line":40,"column":28},"end":{"line":44,"column":3}},"line":40},"1":{"name":"(anonymous_1)","decl":{"start":{"line":61,"column":2},"end":{"line":61,"column":3}},"loc":{"start":{"line":61,"column":22},"end":{"line":63,"column":3}},"line":61}},"branchMap":{"0":{"loc":{"start":{"line":62,"column":12},"end":{"line":62,"column":39}},"type":"binary-expr","locations":[{"start":{"line":62,"column":12},"end":{"line":62,"column":21}},{"start":{"line":62,"column":25},"end":{"line":62,"column":39}}],"line":62}},"s":{"0":0,"1":0,"2":0},"f":{"0":0,"1":0},"b":{"0":[0,0]},"_coverageSchema":"43e27e138ebf9cfc5966b082cf9a028302ed4184","hash":"e423a1b0b4a4c12eb39ee92d498930d1c7934eda"}
,"F:\\Git_2_Main_Projects\\Hash\\react-native-hash\\JSHash\\lib\\core\\HMAC.js": {"path":"F:\\Git_2_Main_Projects\\Hash\\react-native-hash\\JSHash\\lib\\core\\HMAC.js","statementMap":{"0":{"start":{"line":22,"column":4},"end":{"line":22,"column":12}},"1":{"start":{"line":24,"column":19},"end":{"line":24,"column":34}},"2":{"start":{"line":25,"column":4},"end":{"line":25,"column":26}},"3":{"start":{"line":28,"column":15},"end":{"line":28,"column":18}},"4":{"start":{"line":29,"column":4},"end":{"line":31,"column":5}},"5":{"start":{"line":30,"column":6},"end":{"line":30,"column":30}},"6":{"start":{"line":34,"column":28},"end":{"line":34,"column":44}},"7":{"start":{"line":35,"column":33},"end":{"line":35,"column":52}},"8":{"start":{"line":38,"column":4},"end":{"line":40,"column":5}},"9":{"start":{"line":39,"column":6},"end":{"line":39,"column":34}},"10":{"start":{"line":43,"column":4},"end":{"line":43,"column":17}},"11":{"start":{"line":46,"column":17},"end":{"line":46,"column":29}},"12":{"start":{"line":47,"column":4},"end":{"line":47,"column":22}},"13":{"start":{"line":48,"column":17},"end":{"line":48,"column":29}},"14":{"start":{"line":49,"column":4},"end":{"line":49,"column":22}},"15":{"start":{"line":52,"column":22},"end":{"line":52,"column":32}},"16":{"start":{"line":53,"column":22},"end":{"line":53,"column":32}},"17":{"start":{"line":56,"column":4},"end":{"line":59,"column":5}},"18":{"start":{"line":56,"column":17},"end":{"line":56,"column":18}},"19":{"start":{"line":57,"column":6},"end":{"line":57,"column":33}},"20":{"start":{"line":58,"column":6},"end":{"line":58,"column":33}},"21":{"start":{"line":60,"column":4},"end":{"line":60,"column":41}},"22":{"start":{"line":61,"column":4},"end":{"line":61,"column":41}},"23":{"start":{"line":64,"column":4},"end":{"line":64,"column":17}},"24":{"start":{"line":76,"column":19},"end":{"line":76,"column":31}},"25":{"start":{"line":79,"column":4},"end":{"line":79,"column":19}},"26":{"start":{"line":80,"column":4},"end":{"line":80,"column":30}},"27":{"start":{"line":96,"column":4},"end":{"line":96,"column":39}},"28":{"start":{"line":99,"column":4},"end":{"line":99,"column":16}},"29":{"start":{"line":118,"column":19},"end":{"line":118,"column":31}},"30":{"start":{"line":121,"column":22},"end":{"line":121,"column":52}},"31":{"start":{"line":122,"column":4},"end":{"line":122,"column":19}},"32":{"start":{"line":123,"column":17},"end":{"line":123,"column":70}},"33":{"start":{"line":125,"column":4},"end":{"line":125,"column":16}}},"fnMap":{"0":{"name":"(anonymous_0)","decl":{"start":{"line":21,"column":2},"end":{"line":21,"column":3}},"loc":{"start":{"line":21,"column":30},"end":{"line":65,"column":3}},"line":21},"1":{"name":"(anonymous_1)","decl":{"start":{"line":74,"column":2},"end":{"line":74,"column":3}},"loc":{"start":{"line":74,"column":10},"end":{"line":81,"column":3}},"line":74},"2":{"name":"(anonymous_2)","decl":{"start":{"line":95,"column":2},"end":{"line":95,"column":3}},"loc":{"start":{"line":95,"column":24},"end":{"line":100,"column":3}},"line":95},"3":{"name":"(anonymous_3)","decl":{"start":{"line":116,"column":2},"end":{"line":116,"column":3}},"loc":{"start":{"line":116,"column":26},"end":{"line":126,"column":3}},"line":116}},"branchMap":{"0":{"loc":{"start":{"line":29,"column":4},"end":{"line":31,"column":5}},"type":"if","locations":[{"start":{"line":29,"column":4},"end":{"line":31,"column":5}},{"start":{"line":29,"column":4},"end":{"line":31,"column":5}}],"line":29},"1":{"loc":{"start":{"line":38,"column":4},"end":{"line":40,"column":5}},"type":"if","locations":[{"start":{"line":38,"column":4},"end":{"line":40,"column":5}},{"start":{"line":38,"column":4},"end":{"line":40,"column":5}}],"line":38}},"s":{"0":0,"1":0,"2":0,"3":0,"4":0,"5":0,"6":0,"7":0,"8":0,"9":0,"10":0,"11":0,"12":0,"13":0,"14":0,"15":0,"16":0,"17":0,"18":0,"19":0,"20":0,"21":0,"22":0,"23":0,"24":0,"25":0,"26":0,"27":0,"28":0,"29":0,"30":0,"31":0,"32":0,"33":0},"f":{"0":0,"1":0,"2":0,"3":0},"b":{"0":[0,0],"1":[0,0]},"_coverageSchema":"43e27e138ebf9cfc5966b082cf9a028302ed4184","hash":"1660f7c44f99b1e473504154bbc6f45349f0d382"}
,"F:\\Git_2_Main_Projects\\Hash\\react-native-hash\\JSHash\\lib\\core\\Hasher.js": {"path":"F:\\Git_2_Main_Projects\\Hash\\react-native-hash\\JSHash\\lib\\core\\Hasher.js","statementMap":{"0":{"start":{"line":17,"column":4},"end":{"line":17,"column":12}},"1":{"start":{"line":19,"column":4},"end":{"line":19,"column":30}},"2":{"start":{"line":24,"column":4},"end":{"line":24,"column":46}},"3":{"start":{"line":27,"column":4},"end":{"line":27,"column":17}},"4":{"start":{"line":44,"column":4},"end":{"line":44,"column":66}},"5":{"start":{"line":44,"column":29},"end":{"line":44,"column":65}},"6":{"start":{"line":61,"column":4},"end":{"line":61,"column":72}},"7":{"start":{"line":61,"column":29},"end":{"line":61,"column":71}},"8":{"start":{"line":73,"column":4},"end":{"line":73,"column":27}},"9":{"start":{"line":76,"column":4},"end":{"line":76,"column":20}},"10":{"start":{"line":93,"column":4},"end":{"line":93,"column":32}},"11":{"start":{"line":96,"column":4},"end":{"line":96,"column":20}},"12":{"start":{"line":99,"column":4},"end":{"line":99,"column":16}},"13":{"start":{"line":118,"column":4},"end":{"line":120,"column":5}},"14":{"start":{"line":119,"column":6},"end":{"line":119,"column":34}},"15":{"start":{"line":123,"column":17},"end":{"line":123,"column":35}},"16":{"start":{"line":125,"column":4},"end":{"line":125,"column":16}}},"fnMap":{"0":{"name":"(anonymous_0)","decl":{"start":{"line":16,"column":2},"end":{"line":16,"column":3}},"loc":{"start":{"line":16,"column":19},"end":{"line":28,"column":3}},"line":16},"1":{"name":"(anonymous_1)","decl":{"start":{"line":43,"column":2},"end":{"line":43,"column":3}},"loc":{"start":{"line":43,"column":34},"end":{"line":45,"column":3}},"line":43},"2":{"name":"(anonymous_2)","decl":{"start":{"line":44,"column":11},"end":{"line":44,"column":12}},"loc":{"start":{"line":44,"column":29},"end":{"line":44,"column":65}},"line":44},"3":{"name":"(anonymous_3)","decl":{"start":{"line":60,"column":2},"end":{"line":60,"column":3}},"loc":{"start":{"line":60,"column":38},"end":{"line":62,"column":3}},"line":60},"4":{"name":"(anonymous_4)","decl":{"start":{"line":61,"column":11},"end":{"line":61,"column":12}},"loc":{"start":{"line":61,"column":29},"end":{"line":61,"column":71}},"line":61},"5":{"name":"(anonymous_5)","decl":{"start":{"line":71,"column":2},"end":{"line":71,"column":3}},"loc":{"start":{"line":71,"column":10},"end":{"line":77,"column":3}},"line":71},"6":{"name":"(anonymous_6)","decl":{"start":{"line":91,"column":2},"end":{"line":91,"column":3}},"loc":{"start":{"line":91,"column":24},"end":{"line":100,"column":3}},"line":91},"7":{"name":"(anonymous_7)","decl":{"start":{"line":116,"column":2},"end":{"line":116,"column":3}},"loc":{"start":{"line":116,"column":26},"end":{"line":126,"column":3}},"line":116}},"branchMap":{"0":{"loc":{"start":{"line":118,"column":4},"end":{"line":120,"column":5}},"type":"if","locations":[{"start":{"line":118,"column":4},"end":{"line":120,"column":5}},{"start":{"line":118,"column":4},"end":{"line":120,"column":5}}],"line":118}},"s":{"0":61,"1":61,"2":61,"3":61,"4":7,"5":61,"6":7,"7":0,"8":61,"9":61,"10":0,"11":0,"12":0,"13":61,"14":61,"15":61,"16":61},"f":{"0":61,"1":7,"2":61,"3":7,"4":0,"5":61,"6":0,"7":61},"b":{"0":[61,0]},"_coverageSchema":"43e27e138ebf9cfc5966b082cf9a028302ed4184","hash":"7ad0300bafb777ac40e435ba5d48d6a8a3a40019"}
,"F:\\Git_2_Main_Projects\\Hash\\react-native-hash\\JSHash\\lib\\core\\Hex.js": {"path":"F:\\Git_2_Main_Projects\\Hash\\react-native-hash\\JSHash\\lib\\core\\Hex.js","statementMap":{"0":{"start":{"line":11,"column":12},"end":{"line":65,"column":1}},"1":{"start":{"line":27,"column":32},"end":{"line":27,"column":41}},"2":{"start":{"line":30,"column":21},"end":{"line":30,"column":23}},"3":{"start":{"line":31,"column":4},"end":{"line":35,"column":5}},"4":{"start":{"line":31,"column":17},"end":{"line":31,"column":18}},"5":{"start":{"line":32,"column":19},"end":{"line":32,"column":65}},"6":{"start":{"line":33,"column":6},"end":{"line":33,"column":47}},"7":{"start":{"line":34,"column":6},"end":{"line":34,"column":48}},"8":{"start":{"line":37,"column":4},"end":{"line":37,"column":29}},"9":{"start":{"line":55,"column":25},"end":{"line":55,"column":38}},"10":{"start":{"line":58,"column":18},"end":{"line":58,"column":20}},"11":{"start":{"line":59,"column":4},"end":{"line":61,"column":5}},"12":{"start":{"line":59,"column":17},"end":{"line":59,"column":18}},"13":{"start":{"line":60,"column":6},"end":{"line":60,"column":80}},"14":{"start":{"line":63,"column":4},"end":{"line":63,"column":50}}},"fnMap":{"0":{"name":"(anonymous_0)","decl":{"start":{"line":25,"column":2},"end":{"line":25,"column":3}},"loc":{"start":{"line":25,"column":23},"end":{"line":38,"column":3}},"line":25},"1":{"name":"(anonymous_1)","decl":{"start":{"line":53,"column":2},"end":{"line":53,"column":3}},"loc":{"start":{"line":53,"column":16},"end":{"line":64,"column":3}},"line":53}},"branchMap":{},"s":{"0":1,"1":61,"2":61,"3":61,"4":61,"5":2144,"6":2144,"7":2144,"8":61,"9":0,"10":0,"11":0,"12":0,"13":0,"14":0},"f":{"0":61,"1":0},"b":{},"_coverageSchema":"43e27e138ebf9cfc5966b082cf9a028302ed4184","hash":"0db7c48faf0576a86bba675e833cf9752bd108b5"}
,"F:\\Git_2_Main_Projects\\Hash\\react-native-hash\\JSHash\\lib\\core\\Latin1.js": {"path":"F:\\Git_2_Main_Projects\\Hash\\react-native-hash\\JSHash\\lib\\core\\Latin1.js","statementMap":{"0":{"start":{"line":10,"column":15},"end":{"line":63,"column":1}},"1":{"start":{"line":26,"column":32},"end":{"line":26,"column":41}},"2":{"start":{"line":29,"column":24},"end":{"line":29,"column":26}},"3":{"start":{"line":30,"column":4},"end":{"line":33,"column":5}},"4":{"start":{"line":30,"column":17},"end":{"line":30,"column":18}},"5":{"start":{"line":31,"column":19},"end":{"line":31,"column":65}},"6":{"start":{"line":32,"column":6},"end":{"line":32,"column":50}},"7":{"start":{"line":35,"column":4},"end":{"line":35,"column":32}},"8":{"start":{"line":53,"column":28},"end":{"line":53,"column":44}},"9":{"start":{"line":56,"column":18},"end":{"line":56,"column":20}},"10":{"start":{"line":57,"column":4},"end":{"line":59,"column":5}},"11":{"start":{"line":57,"column":17},"end":{"line":57,"column":18}},"12":{"start":{"line":58,"column":6},"end":{"line":58,"column":79}},"13":{"start":{"line":61,"column":4},"end":{"line":61,"column":49}}},"fnMap":{"0":{"name":"(anonymous_0)","decl":{"start":{"line":24,"column":2},"end":{"line":24,"column":3}},"loc":{"start":{"line":24,"column":23},"end":{"line":36,"column":3}},"line":24},"1":{"name":"(anonymous_1)","decl":{"start":{"line":51,"column":2},"end":{"line":51,"column":3}},"loc":{"start":{"line":51,"column":19},"end":{"line":62,"column":3}},"line":51}},"branchMap":{},"s":{"0":1,"1":0,"2":0,"3":0,"4":0,"5":0,"6":0,"7":0,"8":61,"9":61,"10":61,"11":61,"12":1220,"13":61},"f":{"0":0,"1":61},"b":{},"_coverageSchema":"43e27e138ebf9cfc5966b082cf9a028302ed4184","hash":"b6b986711952a176f9d59bfc81871e2683464a1e"}
,"F:\\Git_2_Main_Projects\\Hash\\react-native-hash\\JSHash\\lib\\core\\Utf8.js": {"path":"F:\\Git_2_Main_Projects\\Hash\\react-native-hash\\JSHash\\lib\\core\\Utf8.js","statementMap":{"0":{"start":{"line":10,"column":13},"end":{"line":48,"column":1}},"1":{"start":{"line":25,"column":4},"end":{"line":29,"column":5}},"2":{"start":{"line":26,"column":6},"end":{"line":26,"column":69}},"3":{"start":{"line":28,"column":6},"end":{"line":28,"column":46}},"4":{"start":{"line":46,"column":4},"end":{"line":46,"column":63}}},"fnMap":{"0":{"name":"(anonymous_0)","decl":{"start":{"line":24,"column":2},"end":{"line":24,"column":3}},"loc":{"start":{"line":24,"column":23},"end":{"line":30,"column":3}},"line":24},"1":{"name":"(anonymous_1)","decl":{"start":{"line":45,"column":2},"end":{"line":45,"column":3}},"loc":{"start":{"line":45,"column":17},"end":{"line":47,"column":3}},"line":45}},"branchMap":{},"s":{"0":1,"1":0,"2":0,"3":0,"4":61},"f":{"0":0,"1":61},"b":{},"_coverageSchema":"43e27e138ebf9cfc5966b082cf9a028302ed4184","hash":"993522d58149d8485f7903cc1039f618ff88164a"}
,"F:\\Git_2_Main_Projects\\Hash\\react-native-hash\\JSHash\\lib\\core\\WordArray.js": {"path":"F:\\Git_2_Main_Projects\\Hash\\react-native-hash\\JSHash\\lib\\core\\WordArray.js","statementMap":{"0":{"start":{"line":27,"column":4},"end":{"line":27,"column":12}},"1":{"start":{"line":29,"column":21},"end":{"line":29,"column":26}},"2":{"start":{"line":31,"column":4},"end":{"line":33,"column":5}},"3":{"start":{"line":32,"column":6},"end":{"line":32,"column":46}},"4":{"start":{"line":36,"column":4},"end":{"line":51,"column":5}},"5":{"start":{"line":46,"column":6},"end":{"line":50,"column":8}},"6":{"start":{"line":54,"column":4},"end":{"line":71,"column":5}},"7":{"start":{"line":56,"column":35},"end":{"line":56,"column":56}},"8":{"start":{"line":59,"column":21},"end":{"line":59,"column":23}},"9":{"start":{"line":60,"column":6},"end":{"line":62,"column":7}},"10":{"start":{"line":60,"column":19},"end":{"line":60,"column":20}},"11":{"start":{"line":61,"column":8},"end":{"line":61,"column":63}},"12":{"start":{"line":65,"column":6},"end":{"line":65,"column":26}},"13":{"start":{"line":66,"column":6},"end":{"line":66,"column":43}},"14":{"start":{"line":69,"column":6},"end":{"line":69,"column":25}},"15":{"start":{"line":70,"column":6},"end":{"line":70,"column":31}},"16":{"start":{"line":88,"column":18},"end":{"line":88,"column":20}},"17":{"start":{"line":90,"column":14},"end":{"line":103,"column":5}},"18":{"start":{"line":91,"column":17},"end":{"line":91,"column":20}},"19":{"start":{"line":92,"column":17},"end":{"line":92,"column":27}},"20":{"start":{"line":93,"column":19},"end":{"line":93,"column":29}},"21":{"start":{"line":95,"column":6},"end":{"line":102,"column":8}},"22":{"start":{"line":96,"column":8},"end":{"line":96,"column":66}},"23":{"start":{"line":97,"column":8},"end":{"line":97,"column":66}},"24":{"start":{"line":98,"column":21},"end":{"line":98,"column":51}},"25":{"start":{"line":99,"column":8},"end":{"line":99,"column":30}},"26":{"start":{"line":100,"column":8},"end":{"line":100,"column":22}},"27":{"start":{"line":101,"column":8},"end":{"line":101,"column":55}},"28":{"start":{"line":105,"column":4},"end":{"line":110,"column":5}},"29":{"start":{"line":105,"column":17},"end":{"line":105,"column":18}},"30":{"start":{"line":106,"column":17},"end":{"line":106,"column":59}},"31":{"start":{"line":108,"column":6},"end":{"line":108,"column":33}},"32":{"start":{"line":109,"column":6},"end":{"line":109,"column":43}},"33":{"start":{"line":112,"column":4},"end":{"line":112,"column":40}},"34":{"start":{"line":129,"column":4},"end":{"line":129,"column":35}},"35":{"start":{"line":145,"column":22},"end":{"line":145,"column":32}},"36":{"start":{"line":146,"column":22},"end":{"line":146,"column":37}},"37":{"start":{"line":147,"column":25},"end":{"line":147,"column":38}},"38":{"start":{"line":148,"column":25},"end":{"line":148,"column":43}},"39":{"start":{"line":151,"column":4},"end":{"line":151,"column":17}},"40":{"start":{"line":154,"column":4},"end":{"line":166,"column":5}},"41":{"start":{"line":156,"column":6},"end":{"line":160,"column":7}},"42":{"start":{"line":156,"column":19},"end":{"line":156,"column":20}},"43":{"start":{"line":157,"column":25},"end":{"line":157,"column":75}},"44":{"start":{"line":158,"column":8},"end":{"line":159,"column":63}},"45":{"start":{"line":163,"column":6},"end":{"line":165,"column":7}},"46":{"start":{"line":163,"column":19},"end":{"line":163,"column":20}},"47":{"start":{"line":164,"column":8},"end":{"line":164,"column":65}},"48":{"start":{"line":167,"column":4},"end":{"line":167,"column":34}},"49":{"start":{"line":170,"column":4},"end":{"line":170,"column":16}},"50":{"start":{"line":182,"column":32},"end":{"line":182,"column":36}},"51":{"start":{"line":185,"column":4},"end":{"line":185,"column":69}},"52":{"start":{"line":186,"column":4},"end":{"line":186,"column":43}},"53":{"start":{"line":199,"column":18},"end":{"line":199,"column":40}},"54":{"start":{"line":200,"column":4},"end":{"line":200,"column":38}},"55":{"start":{"line":202,"column":4},"end":{"line":202,"column":17}}},"fnMap":{"0":{"name":"(anonymous_0)","decl":{"start":{"line":26,"column":2},"end":{"line":26,"column":3}},"loc":{"start":{"line":26,"column":55},"end":{"line":72,"column":3}},"line":26},"1":{"name":"(anonymous_1)","decl":{"start":{"line":87,"column":2},"end":{"line":87,"column":3}},"loc":{"start":{"line":87,"column":24},"end":{"line":113,"column":3}},"line":87},"2":{"name":"(anonymous_2)","decl":{"start":{"line":90,"column":14},"end":{"line":90,"column":15}},"loc":{"start":{"line":90,"column":23},"end":{"line":103,"column":5}},"line":90},"3":{"name":"(anonymous_3)","decl":{"start":{"line":95,"column":13},"end":{"line":95,"column":14}},"loc":{"start":{"line":95,"column":19},"end":{"line":102,"column":7}},"line":95},"4":{"name":"(anonymous_4)","decl":{"start":{"line":128,"column":2},"end":{"line":128,"column":3}},"loc":{"start":{"line":128,"column":26},"end":{"line":130,"column":3}},"line":128},"5":{"name":"(anonymous_5)","decl":{"start":{"line":143,"column":2},"end":{"line":143,"column":3}},"loc":{"start":{"line":143,"column":20},"end":{"line":171,"column":3}},"line":143},"6":{"name":"(anonymous_6)","decl":{"start":{"line":180,"column":2},"end":{"line":180,"column":3}},"loc":{"start":{"line":180,"column":10},"end":{"line":187,"column":3}},"line":180},"7":{"name":"(anonymous_7)","decl":{"start":{"line":198,"column":2},"end":{"line":198,"column":3}},"loc":{"start":{"line":198,"column":10},"end":{"line":203,"column":3}},"line":198}},"branchMap":{"0":{"loc":{"start":{"line":26,"column":14},"end":{"line":26,"column":24}},"type":"default-arg","locations":[{"start":{"line":26,"column":22},"end":{"line":26,"column":24}}],"line":26},"1":{"loc":{"start":{"line":26,"column":26},"end":{"line":26,"column":53}},"type":"default-arg","locations":[{"start":{"line":26,"column":37},"end":{"line":26,"column":53}}],"line":26},"2":{"loc":{"start":{"line":31,"column":4},"end":{"line":33,"column":5}},"type":"if","locations":[{"start":{"line":31,"column":4},"end":{"line":33,"column":5}},{"start":{"line":31,"column":4},"end":{"line":33,"column":5}}],"line":31},"3":{"loc":{"start":{"line":36,"column":4},"end":{"line":51,"column":5}},"type":"if","locations":[{"start":{"line":36,"column":4},"end":{"line":51,"column":5}},{"start":{"line":36,"column":4},"end":{"line":51,"column":5}}],"line":36},"4":{"loc":{"start":{"line":37,"column":6},"end":{"line":44,"column":45}},"type":"binary-expr","locations":[{"start":{"line":37,"column":6},"end":{"line":37,"column":37}},{"start":{"line":38,"column":11},"end":{"line":38,"column":50}},{"start":{"line":39,"column":11},"end":{"line":39,"column":43}},{"start":{"line":40,"column":11},"end":{"line":40,"column":44}},{"start":{"line":41,"column":11},"end":{"line":41,"column":43}},{"start":{"line":42,"column":11},"end":{"line":42,"column":44}},{"start":{"line":43,"column":11},"end":{"line":43,"column":45}},{"start":{"line":44,"column":11},"end":{"line":44,"column":45}}],"line":37},"5":{"loc":{"start":{"line":54,"column":4},"end":{"line":71,"column":5}},"type":"if","locations":[{"start":{"line":54,"column":4},"end":{"line":71,"column":5}},{"start":{"line":54,"column":4},"end":{"line":71,"column":5}}],"line":54},"6":{"loc":{"start":{"line":101,"column":25},"end":{"line":101,"column":53}},"type":"cond-expr","locations":[{"start":{"line":101,"column":47},"end":{"line":101,"column":48}},{"start":{"line":101,"column":51},"end":{"line":101,"column":53}}],"line":101},"7":{"loc":{"start":{"line":106,"column":20},"end":{"line":106,"column":43}},"type":"binary-expr","locations":[{"start":{"line":106,"column":20},"end":{"line":106,"column":26}},{"start":{"line":106,"column":30},"end":{"line":106,"column":43}}],"line":106},"8":{"loc":{"start":{"line":128,"column":11},"end":{"line":128,"column":24}},"type":"default-arg","locations":[{"start":{"line":128,"column":21},"end":{"line":128,"column":24}}],"line":128},"9":{"loc":{"start":{"line":154,"column":4},"end":{"line":166,"column":5}},"type":"if","locations":[{"start":{"line":154,"column":4},"end":{"line":166,"column":5}},{"start":{"line":154,"column":4},"end":{"line":166,"column":5}}],"line":154}},"s":{"0":244,"1":244,"2":244,"3":0,"4":244,"5":0,"6":244,"7":0,"8":0,"9":0,"10":0,"11":0,"12":0,"13":0,"14":244,"15":244,"16":0,"17":0,"18":0,"19":0,"20":0,"21":0,"22":0,"23":0,"24":0,"25":0,"26":0,"27":0,"28":0,"29":0,"30":0,"31":0,"32":0,"33":0,"34":61,"35":61,"36":61,"37":61,"38":61,"39":61,"40":61,"41":0,"42":0,"43":0,"44":0,"45":61,"46":61,"47":305,"48":61,"49":61,"50":61,"51":61,"52":61,"53":0,"54":0,"55":0},"f":{"0":244,"1":0,"2":0,"3":0,"4":61,"5":61,"6":61,"7":0},"b":{"0":[61],"1":[101],"2":[0,244],"3":[0,244],"4":[244,244,244,244,244,244,244,244],"5":[0,244],"6":[0,0],"7":[0,0],"8":[0],"9":[0,61]},"_coverageSchema":"43e27e138ebf9cfc5966b082cf9a028302ed4184","hash":"cfd0c9a7b77568d1281a34acdda4167fd4f03e04"}
,"F:\\Git_2_Main_Projects\\Hash\\react-native-hash\\JSHash\\lib\\core\\core.js": {"path":"F:\\Git_2_Main_Projects\\Hash\\react-native-hash\\JSHash\\lib\\core\\core.js","statementMap":{},"fnMap":{},"branchMap":{},"s":{},"f":{},"b":{},"_coverageSchema":"43e27e138ebf9cfc5966b082cf9a028302ed4184","hash":"683466328eee7615b9e08719f1fa49a7ab93d571"}
,"F:\\Git_2_Main_Projects\\Hash\\react-native-hash\\JSHash\\lib\\core\\x64-core\\X64Word.js": {"path":"F:\\Git_2_Main_Projects\\Hash\\react-native-hash\\JSHash\\lib\\core\\x64-core\\X64Word.js","statementMap":{"0":{"start":{"line":21,"column":4},"end":{"line":21,"column":12}},"1":{"start":{"line":23,"column":4},"end":{"line":23,"column":21}},"2":{"start":{"line":24,"column":4},"end":{"line":24,"column":19}}},"fnMap":{"0":{"name":"(anonymous_0)","decl":{"start":{"line":20,"column":2},"end":{"line":20,"column":3}},"loc":{"start":{"line":20,"column":25},"end":{"line":25,"column":3}},"line":20}},"branchMap":{},"s":{"0":394,"1":394,"2":394},"f":{"0":394},"b":{},"_coverageSchema":"43e27e138ebf9cfc5966b082cf9a028302ed4184","hash":"f505f6b564e648533c855b5a6fc74678b92aeab9"}
,"F:\\Git_2_Main_Projects\\Hash\\react-native-hash\\JSHash\\lib\\core\\x64-core\\X64WordArray.js": {"path":"F:\\Git_2_Main_Projects\\Hash\\react-native-hash\\JSHash\\lib\\core\\x64-core\\X64WordArray.js","statementMap":{"0":{"start":{"line":6,"column":21},"end":{"line":6,"column":30}},"1":{"start":{"line":36,"column":4},"end":{"line":36,"column":12}},"2":{"start":{"line":38,"column":4},"end":{"line":38,"column":23}},"3":{"start":{"line":39,"column":4},"end":{"line":39,"column":29}},"4":{"start":{"line":53,"column":21},"end":{"line":53,"column":31}},"5":{"start":{"line":54,"column":27},"end":{"line":54,"column":42}},"6":{"start":{"line":57,"column":21},"end":{"line":57,"column":23}},"7":{"start":{"line":58,"column":4},"end":{"line":62,"column":5}},"8":{"start":{"line":58,"column":17},"end":{"line":58,"column":18}},"9":{"start":{"line":59,"column":22},"end":{"line":59,"column":33}},"10":{"start":{"line":60,"column":6},"end":{"line":60,"column":34}},"11":{"start":{"line":61,"column":6},"end":{"line":61,"column":33}},"12":{"start":{"line":64,"column":4},"end":{"line":64,"column":56}},"13":{"start":{"line":77,"column":18},"end":{"line":77,"column":40}},"14":{"start":{"line":80,"column":4},"end":{"line":80,"column":38}},"15":{"start":{"line":81,"column":22},"end":{"line":81,"column":27}},"16":{"start":{"line":84,"column":24},"end":{"line":84,"column":36}},"17":{"start":{"line":85,"column":4},"end":{"line":87,"column":5}},"18":{"start":{"line":85,"column":17},"end":{"line":85,"column":18}},"19":{"start":{"line":86,"column":6},"end":{"line":86,"column":34}},"20":{"start":{"line":89,"column":4},"end":{"line":89,"column":17}}},"fnMap":{"0":{"name":"(anonymous_0)","decl":{"start":{"line":35,"column":2},"end":{"line":35,"column":3}},"loc":{"start":{"line":35,"column":55},"end":{"line":40,"column":3}},"line":35},"1":{"name":"(anonymous_1)","decl":{"start":{"line":51,"column":2},"end":{"line":51,"column":3}},"loc":{"start":{"line":51,"column":10},"end":{"line":65,"column":3}},"line":51},"2":{"name":"(anonymous_2)","decl":{"start":{"line":76,"column":2},"end":{"line":76,"column":3}},"loc":{"start":{"line":76,"column":10},"end":{"line":90,"column":3}},"line":76}},"branchMap":{"0":{"loc":{"start":{"line":35,"column":14},"end":{"line":35,"column":24}},"type":"default-arg","locations":[{"start":{"line":35,"column":22},"end":{"line":35,"column":24}}],"line":35},"1":{"loc":{"start":{"line":35,"column":26},"end":{"line":35,"column":53}},"type":"default-arg","locations":[{"start":{"line":35,"column":37},"end":{"line":35,"column":53}}],"line":35}},"s":{"0":1,"1":20,"2":20,"3":20,"4":20,"5":20,"6":20,"7":20,"8":20,"9":160,"10":160,"11":160,"12":20,"13":0,"14":0,"15":0,"16":0,"17":0,"18":0,"19":0,"20":0},"f":{"0":20,"1":20,"2":0},"b":{"0":[0],"1":[20]},"_coverageSchema":"43e27e138ebf9cfc5966b082cf9a028302ed4184","hash":"96155bad70e76f667f9982204789d61612b615cf"}
,"F:\\Git_2_Main_Projects\\Hash\\react-native-hash\\__tests__\\C.js": {"path":"F:\\Git_2_Main_Projects\\Hash\\react-native-hash\\__tests__\\C.js","statementMap":{"0":{"start":{"line":3,"column":27},"end":{"line":14,"column":1}},"1":{"start":{"line":16,"column":25},"end":{"line":27,"column":1}},"2":{"start":{"line":30,"column":26},"end":{"line":41,"column":1}},"3":{"start":{"line":43,"column":28},"end":{"line":54,"column":1}},"4":{"start":{"line":57,"column":28},"end":{"line":68,"column":1}},"5":{"start":{"line":70,"column":28},"end":{"line":81,"column":1}},"6":{"start":{"line":83,"column":28},"end":{"line":94,"column":1}},"7":{"start":{"line":97,"column":28},"end":{"line":108,"column":1}}},"fnMap":{},"branchMap":{},"s":{"0":1,"1":1,"2":1,"3":1,"4":1,"5":1,"6":1,"7":1},"f":{},"b":{},"_coverageSchema":"43e27e138ebf9cfc5966b082cf9a028302ed4184","hash":"bc01ea77da049170c6dd1c72e974a061e28b73a2"}
}
